Time,TPS,Response time,Response time standard deviation
10,14572,15546.666666666666,14276.919999999998
20,18353,11218.666666666666,6263.436666666667
30,19479,10089.666666666666,7242.263333333333
40,22768,8998.666666666666,6530.009999999999
50,23827,8899.333333333334,10649.92
60,24386,9247.0,6674.983333333334
70,25917,8724.666666666666,6841.04
80,23041,9301.0,10011.466666666667
90,24146,10163.333333333334,14783.003333333332
100,26999,8090.666666666667,5010.88
110,24666,8881.333333333334,6737.536666666667
120,23405,10035.666666666666,13017.943333333335
130,26585,8367.0,5224.77
140,23428,9013.333333333334,8991.613333333333
150,24798,8995.333333333334,9670.793333333333
160,19921,11316.333333333334,11047.516666666668
170,17284,11435.666666666666,5824.566666666667
180,17009,12058.333333333334,8961.97
190,14643,14830.333333333334,25226.39333333333
200,17320,11251.666666666666,8998.283333333333
210,16179,12448.666666666666,7254.06
220,16724,11698.666666666666,7475.643333333333
230,16842,11570.666666666666,8138.029999999999
240,15332,13231.0,18634.743333333332
250,16441,11764.0,7127.179999999999
260,18195,11025.0,6169.2
270,15445,12552.666666666666,7546.366666666666
280,15368,12605.333333333334,14025.196666666665
290,17538,11435.0,8698.273333333333
300,16811,11393.0,7092.323333333334
310,15698,12452.333333333334,11882.263333333334
320,13990,14105.333333333334,13124.53
330,13318,13670.0,9341.980000000001
340,12507,17428.0,30747.803333333333
350,15011,12711.0,7737.626666666667
360,14476,13122.333333333334,10820.203333333333
370,13598,14828.0,15402.980000000001
380,15048,12868.0,7833.540000000001
390,14897,12574.333333333334,7881.100000000001
400,13754,14563.333333333334,18531.21
410,14158,13827.0,8858.916666666666
420,14885,12961.0,7883.87
430,14534,13286.666666666666,8139.55
440,14514,13370.0,11145.643333333333
450,15093,12812.0,8220.503333333334
460,14588,13215.333333333334,7768.016666666667
470,13680,14179.666666666666,10429.426666666666
480,14033,13230.666666666666,7054.490000000001
490,13355,15029.333333333334,15599.596666666666
500,11959,17104.333333333332,27675.533333333336
510,14307,13348.333333333334,9224.599999999999
520,13590,14602.666666666666,15596.226666666667
530,13835,13788.666666666666,12852.32
540,14655,13444.0,7947.156666666667
550,13936,14015.666666666666,11822.663333333336
560,14342,13581.666666666666,9072.656666666668
570,14370,13440.666666666666,9027.443333333335
580,14465,13086.333333333334,6929.423333333333
590,14723,13238.0,10045.72
600,14632,13417.333333333334,9103.383333333333
610,14088,13732.333333333334,8511.256666666666
620,12565,15517.666666666666,13424.893333333333
630,13796,14041.333333333334,9322.076666666666
640,13866,13862.0,12171.016666666668
650,13213,14817.0,10527.96
660,13895,13935.333333333334,9953.933333333334
670,12913,13713.333333333334,11638.660000000002
680,13750,15132.666666666666,19795.366666666665
690,14053,13732.333333333334,8752.116666666667
700,13225,14443.333333333334,9470.483333333334
710,14543,13641.333333333334,9149.463333333333
720,13609,14329.0,11189.150000000001
730,14239,13546.0,10206.123333333335
740,14184,13807.0,11090.656666666668
750,13916,13809.0,12387.373333333335
760,14259,13598.0,9320.606666666667
770,13470,14127.666666666666,10397.83
780,13829,14163.333333333334,10542.29
790,13686,14513.333333333334,12073.08
800,13976,13807.666666666666,8472.526666666667
810,13719,14066.666666666666,8974.956666666667
820,13751,14052.333333333334,11979.533333333333
830,13141,13896.666666666666,8077.7699999999995
840,14641,13927.333333333334,12484.653333333334
850,13526,14298.666666666666,8441.583333333334
860,13894,13916.666666666666,8879.253333333334
870,15017,12866.666666666666,5852.256666666667
880,14145,13660.0,11556.789999999999
890,13598,14257.0,10281.506666666666
900,13815,13851.333333333334,10489.563333333334
910,13869,14188.666666666666,10353.696666666667
920,14293,13611.0,8559.083333333334
930,12947,15067.333333333334,10852.206666666667
940,12893,15271.666666666666,13940.706666666667
950,13547,14510.0,12001.913333333332
960,13875,13863.333333333334,7756.596666666667
970,15006,12899.333333333334,6512.490000000001
980,13369,14408.333333333334,12831.856666666667
990,14171,13638.666666666666,7330.030000000002
1000,13643,14124.666666666666,8879.56
1010,14052,13745.333333333334,7240.990000000001
1020,14563,13261.666666666666,5848.763333333333
1030,14220,13610.666666666666,7490.03
1040,13672,14089.666666666666,13067.153333333334
1050,13381,14509.333333333334,13965.390000000001
1060,14002,13820.333333333334,10724.223333333333
1070,13524,14285.666666666666,10709.176666666666
1080,14167,13672.0,7011.746666666666
1090,13280,13921.0,9089.21
1100,13694,14859.0,15369.683333333332
1110,14590,13080.333333333334,6747.236666666667
1120,14024,14140.666666666666,9456.036666666667
1130,14163,13519.666666666666,8772.14
1140,13694,14188.333333333334,8121.580000000001
1150,14061,13718.0,7445.676666666666
1160,14410,13417.666666666666,7415.423333333333
1170,13903,13919.333333333334,6328.096666666667
1180,13683,14109.666666666666,7776.873333333333
1190,13664,14010.333333333334,9582.223333333333
1200,14189,13786.0,8516.88
1210,13053,14788.333333333334,12338.156666666668
1220,12262,16603.333333333332,21834.403333333332
1230,13444,14398.666666666666,10885.666666666666
1240,14293,13592.666666666666,6584.490000000001
1250,13879,13918.666666666666,9177.896666666667
1260,14079,14148.333333333334,10864.233333333334
1270,13649,14290.0,9546.513333333332
1280,14947,12872.666666666666,8281.503333333332
1290,13097,14887.0,9934.793333333333
1300,14230,13520.666666666666,8623.316666666668
1310,14102,13734.333333333334,7924.116666666666
1320,13713,14117.0,7676.316666666667
1330,13276,14471.0,7987.336666666667
1340,13752,14152.666666666666,8370.050000000001
1350,13509,14288.666666666666,11283.4
1360,14281,13418.666666666666,7827.7300000000005
1370,11213,16871.666666666668,23006.73
1380,13836,14701.333333333334,16777.47333333333
1390,12381,16346.333333333334,20371.646666666667
1400,14123,13442.666666666666,8199.833333333334
1410,15334,12796.666666666666,7583.23
1420,15358,12536.0,7026.163333333334
1430,13728,14330.0,10737.583333333334
1440,14095,13824.333333333334,9041.136666666667
1450,15645,12349.333333333334,7781.256666666667
1460,13677,14141.666666666666,13005.783333333333
1470,14586,13369.666666666666,7519.459999999999
1480,13326,14290.666666666666,8249.943333333335
1490,13465,14508.0,9065.246666666666
1500,14570,13263.333333333334,7668.740000000001
1510,13803,14114.0,11320.770000000002
1520,13045,15144.0,12234.08
1530,12337,16927.333333333332,22423.333333333332
1540,12331,16815.666666666668,23101.20666666667
1550,14599,13233.666666666666,7994.7733333333335
1560,14262,13592.333333333334,8731.37
1570,15240,12663.333333333334,7105.12
1580,14774,13080.0,7231.046666666666
1590,14637,13269.333333333334,7571.28
1600,14765,13235.333333333334,9563.376666666665
1610,13594,14235.0,15397.263333333334
1620,14551,13383.666666666666,9813.213333333333
1630,13941,13872.0,9253.313333333334
1640,13277,14546.666666666666,9747.126666666665
1650,14873,13130.333333333334,8218.836666666668
1660,14548,13237.666666666666,9140.323333333334
1670,14390,13091.0,9037.616666666667
1680,14266,14238.666666666666,12030.86
1690,13689,14069.666666666666,10539.913333333334
1700,12616,15836.0,22181.593333333334
1710,14271,13497.333333333334,7871.779999999999
1720,15101,12793.0,7422.343333333333
1730,14926,12908.666666666666,7852.2300000000005
1740,14109,13667.666666666666,7721.860000000001
1750,15188,12745.666666666666,7312.080000000001
1760,14933,12949.333333333334,8395.606666666667
1770,13657,14172.0,13534.48666666667
1780,14004,13836.0,10278.186666666666
1790,13498,14296.0,10186.91
1800,13916,14166.0,11462.656666666668
1810,11299,13685.333333333334,9183.726666666666
1820,13359,17598.0,35983.276666666665
1830,15236,12756.0,7199.103333333333
1840,13420,14437.0,12701.753333333332
1850,14418,13424.0,10500.529999999999
1860,14556,13298.333333333334,7242.766666666667
1870,14226,13596.666666666666,8174.816666666666
1880,14566,13225.333333333334,8610.786666666667
1890,13667,14118.0,8236.833333333334
1900,13383,14423.333333333334,9857.89
1910,15377,12580.666666666666,6706.099999999999
1920,14627,13237.0,8651.986666666666
1930,13310,14441.333333333334,10244.206666666665
1940,13875,14056.666666666666,10910.42
1950,13778,13992.0,10941.86
1960,12476,13291.666666666666,9422.199999999999
1970,13597,17748.333333333332,35160.29
1980,14242,13566.666666666666,10090.37
1990,12969,14881.666666666666,17289.273333333334
2000,15095,12675.0,6202.373333333334
2010,14224,13730.0,10371.206666666667
2020,14543,13149.0,7144.546666666666
2030,14544,13446.333333333334,9791.733333333334
2040,14507,13550.333333333334,9101.86
2050,13834,13919.0,10016.366666666667
2060,13646,14418.333333333334,18704.133333333335
2070,13985,13504.666666666666,12754.460000000001
2080,13664,14792.333333333334,13394.913333333332
2090,14022,13797.333333333334,8794.01
2100,13602,14333.0,11075.86
2110,12476,15833.333333333334,16932.63
2120,12038,21693.0,49314.28333333333
2130,13569,14285.666666666666,11935.903333333334
2140,12753,13664.0,12130.783333333333
2150,13395,16025.0,27905.97
2160,14778,13069.0,10160.06
2170,14981,12893.0,6637.966666666667
2180,13969,13918.666666666666,13516.493333333332
2190,14947,13089.0,8356.323333333334
2200,14325,13447.333333333334,8482.75
2210,12475,15667.0,21967.210000000003
2220,14782,12931.333333333334,12592.586666666668
2230,13230,15083.333333333334,17974.233333333334
2240,13052,14677.333333333334,15367.046666666667
2250,14257,13581.0,11568.606666666667
2260,13598,14186.666666666666,11845.863333333335
2270,14355,13619.333333333334,9625.693333333335
2280,14535,13272.333333333334,8888.586666666666
2290,13430,13136.0,8384.713333333333
2300,12878,16410.666666666668,29371.61666666667
2310,14875,13019.333333333334,9496.723333333333
2320,14455,13335.0,8350.17
2330,14955,13016.666666666666,11081.666666666666
2340,15008,12897.333333333334,8954.133333333333
2350,15411,12529.0,7557.876666666667
2360,13117,13816.666666666666,8574.18
2370,14307,14233.666666666666,18468.896666666667
2380,12232,16306.666666666666,23897.76
2390,13842,13086.666666666666,9554.076666666668
2400,13757,14849.0,16269.646666666667
2410,13917,13912.666666666666,9288.713333333333
2420,12524,15508.0,15508.150000000001
2430,13240,14681.0,16876.153333333335
2440,14373,13557.666666666666,9845.88
2450,12526,16667.333333333332,28781.483333333337
2460,15419,12552.0,8196.913333333334
2470,13456,14059.666666666666,10835.303333333333
2480,14311,14158.333333333334,10894.1
2490,13829,14082.666666666666,11651.06
2500,13316,14528.666666666666,9075.596666666666
2510,11447,21466.0,47823.583333333336
2520,15137,12754.333333333334,7967.113333333334
2530,13898,13308.0,10168.223333333333
2540,14658,13908.333333333334,14994.866666666667
2550,14426,13421.333333333334,15552.146666666667
2560,13012,14950.666666666666,16267.276666666667
2570,13446,14514.0,11468.446666666669
2580,13521,14588.0,16901.22333333333
2590,14656,13113.333333333334,8549.233333333332
2600,14872,13071.333333333334,7789.096666666667
2610,13179,15512.333333333334,21375.056666666667
2620,14447,13369.666666666666,8725.083333333334
2630,13401,14659.0,11094.57
2640,14728,13140.0,7728.406666666667
2650,14152,13513.333333333334,7903.856666666667
2660,10750,22445.333333333332,48457.58666666667
2670,14616,13179.333333333334,9215.210000000001
2680,15737,12401.666666666666,6820.106666666667
2690,12587,15448.333333333334,15644.909999999998
2700,15431,12518.333333333334,8021.016666666666
2710,12932,15011.666666666666,14956.126666666665
2720,13665,14129.333333333334,12794.106666666667
2730,14590,13166.0,8300.223333333333
2740,12053,15086.333333333334,17285.363333333335
2750,13542,14969.333333333334,19212.976666666666
2760,10555,21669.666666666668,52616.11666666667
2770,15822,12028.333333333334,6396.376666666667
2780,13606,14311.333333333334,11758.533333333333
2790,13758,14207.0,11620.486666666666
2800,13616,14314.666666666666,10685.929999999998
2810,12553,14462.666666666666,8030.860000000001
2820,11745,18962.666666666668,43714.17333333333
2830,15751,12224.666666666666,8080.0
2840,14776,13102.666666666666,9620.733333333332
2850,13617,14249.666666666666,15220.450000000003
2860,14457,13412.333333333334,11477.636666666667
2870,13518,14273.333333333334,13374.393333333333
2880,13778,14184.333333333334,16209.956666666667
2890,14423,12676.333333333334,6991.920000000001
2900,13271,15260.0,19246.573333333334
2910,12644,19046.666666666668,42023.47
2920,13009,16022.0,20055.333333333332
2930,14890,13026.0,10401.396666666667
2940,14947,12848.0,8131.133333333334
2950,14310,13386.333333333334,9456.203333333333
2960,14081,13926.0,8537.576666666666
2970,13091,14734.666666666666,13285.036666666667
2980,13915,14190.0,11594.083333333334
2990,14065,13756.333333333334,11502.156666666668
3000,13727,14043.333333333334,17143.820000000003
3010,14938,12955.666666666666,7211.350000000001
3020,14330,13528.0,8271.906666666668
3030,13258,14328.0,19223.936666666665
3040,14928,13408.333333333334,11156.18
3050,13013,15438.666666666666,18495.39
3060,12528,13915.666666666666,13717.226666666667
3070,13663,16837.333333333332,34825.90666666667
3080,15247,12675.333333333334,7065.286666666667
3090,13384,14673.0,15237.123333333331
3100,14081,13850.333333333334,9654.126666666665
3110,14090,13748.0,11240.413333333332
3120,12837,14993.666666666666,11639.543333333333
3130,13578,14343.333333333334,14924.023333333336
3140,12908,14807.0,17716.903333333332
3150,14785,13296.333333333334,12128.176666666666
3160,14383,13371.0,11012.786666666667
3170,13974,14079.333333333334,10379.85
3180,14310,13356.333333333334,8530.453333333333
3190,12942,15308.0,20488.040000000005
3200,14874,13142.0,7914.4766666666665
3210,15198,12634.333333333334,6846.600000000001
3220,14363,13573.333333333334,8878.300000000001
3230,14808,12991.666666666666,9244.633333333333
3240,14216,13803.666666666666,11681.64
3250,13699,14042.0,9450.0
3260,13029,15300.666666666666,18905.679999999997
3270,14132,13316.0,7283.990000000001
3280,11897,16813.666666666668,19121.196666666667
3290,13667,14151.0,13452.133333333331
3300,13377,14564.333333333334,15450.86
3310,14310,13498.666666666666,12508.663333333332
3320,13591,14357.333333333334,11290.019999999999
3330,13169,14964.666666666666,16508.323333333334
3340,14531,13287.0,9794.210000000001
3350,14604,13335.666666666666,11913.58
3360,13218,13635.333333333334,8568.246666666668
3370,14186,14511.666666666666,15095.840000000002
3380,15111,12794.0,10055.783333333335
3390,14679,13180.333333333334,9327.0
3400,13398,14402.0,11301.903333333334
3410,11234,17066.333333333332,28598.046666666665
3420,13820,13627.333333333334,8703.066666666666
3430,13572,14854.666666666666,14670.333333333334
3440,13528,14007.333333333334,10783.539999999999
3450,13188,15027.666666666666,18734.836666666666
3460,14285,13530.333333333334,9016.539999999999
3470,15052,12850.333333333334,8684.156666666668
3480,12247,14943.333333333334,16928.783333333336
3490,13338,15208.0,15826.926666666666
3500,13158,14891.666666666666,12245.919999999998
3510,14478,12671.666666666666,7741.066666666666
3520,13687,14786.666666666666,16794.733333333334
3530,14391,13482.0,8046.7
3540,14046,13743.333333333334,11501.586666666664
3550,14290,13588.0,11231.426666666666
3560,12019,15353.0,17483.036666666667
3570,14258,14647.666666666666,14875.26
3580,13394,14577.666666666666,14661.226666666667
3590,14228,13690.666666666666,7721.419999999999
3600,13400,14023.0,12845.883333333333
3610,14890,13183.0,9524.34
3620,15317,12767.0,8005.57
3630,14164,13558.0,11338.916666666666
3640,12798,15644.0,18651.61666666667
3650,11026,14984.666666666666,13317.69
3660,12853,17567.333333333332,36806.18
3670,12882,14662.333333333334,18103.046666666665
3680,14366,13606.333333333334,10718.776666666667
3690,13688,14528.0,15191.163333333336
3700,13992,13794.666666666666,10406.970000000001
3710,14406,13336.0,8192.256666666666
3720,11924,16986.333333333332,24694.86
3730,14042,13713.0,11831.076666666668
3740,14614,13243.0,8077.080000000001
3750,11093,22301.666666666668,49587.81333333333
3760,14712,13307.333333333334,10540.056666666665
3770,14763,13067.666666666666,7527.003333333334
3780,15306,12558.333333333334,9217.913333333334
3790,13746,14015.333333333334,11586.779999999999
3800,12636,13684.666666666666,9093.533333333333
3810,12434,18285.666666666668,38373.61666666667
3820,13096,14467.0,13028.213333333333
3830,13627,14015.0,11287.456666666665
3840,12911,14907.666666666666,15719.970000000001
3850,13400,14861.0,14278.510000000002
3860,13059,15004.333333333334,16328.029999999999
3870,12971,15377.333333333334,15161.853333333333
3880,14708,13173.333333333334,7903.316666666667
3890,14296,13278.666666666666,8307.463333333333
3900,11180,22850.333333333332,48448.83666666666
3910,14744,13087.333333333334,8435.166666666666
3920,15162,12742.666666666666,7611.490000000001
3930,14598,13248.333333333334,8950.856666666667
3940,13762,13852.0,10350.503333333334
3950,15198,12795.333333333334,8838.273333333333
3960,11263,14099.333333333334,8409.343333333332
3970,13817,17024.333333333332,34582.333333333336
3980,13323,14339.666666666666,13800.493333333332
3990,13394,15011.666666666666,13162.76
4000,12995,15048.0,14280.273333333336
4010,11711,16922.0,25245.163333333334
4020,14004,13946.333333333334,9167.06
4030,13044,15825.0,15110.366666666667
4040,14625,13241.666666666666,9202.596666666666
4050,14246,13105.666666666666,7888.136666666666
4060,12397,18774.666666666668,39328.316666666666
4070,14848,13048.0,9002.243333333334
4080,14278,13563.0,8338.31
4090,14350,13421.333333333334,10504.976666666667
4100,14032,13737.0,9886.076666666666
4110,13619,14194.333333333334,11760.863333333335
4120,15128,12745.666666666666,7392.75
4130,13665,14163.0,13446.050000000001
4140,13864,14070.0,12767.699999999999
4150,12487,15887.0,24885.32666666667
4160,11892,16649.666666666668,20954.773333333334
4170,12977,14964.0,13695.300000000001
4180,14755,13237.0,8281.26
4190,14607,13218.0,7320.123333333333
4200,14595,12962.0,7411.29
4210,14416,13790.666666666666,10696.396666666667
4220,12723,15488.333333333334,16898.36666666667
4230,14636,13179.333333333334,7620.280000000002
4240,13245,14591.333333333334,14824.123333333335
4250,14603,13388.666666666666,9109.646666666666
4260,13954,13781.666666666666,11197.383333333333
4270,12703,16115.333333333334,21752.203333333335
4280,14019,13911.0,9719.230000000001
4290,13796,13976.666666666666,10789.416666666666
4300,12577,15815.0,21787.61
4310,13677,14110.0,8841.523333333333
4320,11829,17090.0,23829.50333333333
4330,14544,13180.333333333334,7918.4800000000005
4340,15345,12679.0,6671.746666666666
4350,14922,12848.666666666666,6935.07
4360,13789,14247.0,13447.279999999999
4370,12964,15233.333333333334,15968.82
4380,13010,14890.333333333334,13136.080000000002
4390,13756,14238.0,13785.56
4400,14972,12849.666666666666,8987.033333333333
4410,15035,12876.333333333334,9112.1
4420,11548,17198.0,24327.783333333336
4430,12918,15006.666666666666,13951.79
4440,14527,13251.333333333334,8420.07
4450,13053,14104.333333333334,10692.326666666666
4460,12948,15913.666666666666,20049.756666666668
4470,12727,15151.333333333334,14130.470000000001
4480,13916,13928.666666666666,9036.550000000001
4490,14734,13137.666666666666,8191.656666666667
4500,14528,13344.666666666666,6348.19
4510,12812,14760.666666666666,14944.183333333334
4520,12622,14476.333333333334,12518.36
4530,11180,18422.333333333332,29150.876666666667
4540,12806,14634.333333333334,10519.033333333333
4550,14359,14146.333333333334,14081.786666666667
4560,14673,13146.0,8752.306666666667
4570,12877,13627.333333333334,8425.963333333333
4580,13200,16165.0,21879.78
4590,14619,13276.666666666666,12015.68
4600,13614,14166.0,10061.366666666667
4610,12995,14894.333333333334,10055.223333333333
4620,13339,14420.666666666666,11746.633333333331
4630,13403,14317.666666666666,12021.366666666667
4640,14565,13396.0,8013.043333333332
4650,14558,13240.333333333334,6638.31
4660,14567,13215.333333333334,8358.363333333333
4670,12926,14374.333333333334,13635.11
4680,12277,16680.666666666668,20639.56
4690,12706,15172.333333333334,14875.69
4700,14044,13770.666666666666,13048.98666666667
4710,14014,13783.0,10031.39
4720,13636,14287.0,9952.31
4730,13876,13934.0,9242.699999999999
4740,13964,13895.333333333334,11904.946666666665
4750,14575,13333.333333333334,6792.426666666666
4760,13403,14527.333333333334,13136.163333333332
4770,13370,14447.333333333334,9650.573333333334
4780,13087,14765.666666666666,11417.58
4790,14241,13635.0,9002.683333333332
4800,14599,13144.333333333334,7065.259999999999
4810,13512,14477.0,10580.346666666666
4820,11169,18664.333333333332,28499.059999999998
4830,12789,15366.0,19537.736666666668
4840,13469,14278.333333333334,15089.213333333333
4850,11909,16364.666666666666,22646.696666666667
4860,13782,14076.666666666666,12104.47666666667
4870,14919,12874.0,9256.723333333333
4880,13456,14460.0,9586.916666666666
4890,14404,13376.666666666666,8026.036666666667
4900,11177,23566.0,46602.369999999995
4910,14470,13313.666666666666,8575.85
4920,14047,13746.0,9558.53
4930,13817,14206.333333333334,10589.613333333333
4940,14582,13245.0,7955.876666666667
4950,14882,13003.0,7717.346666666667
4960,13624,14349.333333333334,10538.106666666667
4970,11583,17894.333333333332,26565.96666666667
4980,14303,13310.666666666666,12419.936666666666
4990,13568,14491.333333333334,13636.333333333334
5000,11742,16337.666666666666,24354.986666666664
5010,14883,13221.333333333334,11682.136666666665
5020,13202,14465.0,13410.08
5030,13782,14312.333333333334,12304.863333333333
5040,14589,13321.666666666666,8250.12
5050,10491,24267.0,48250.530000000006
5060,14701,13141.0,9586.103333333333
5070,14903,12936.0,6815.493333333333
5080,14610,13273.333333333334,8428.050000000001
5090,14109,13725.666666666666,11264.523333333333
5100,14425,13389.0,10267.663333333332
5110,13645,14255.333333333334,14915.556666666665
5120,13293,14503.333333333334,14208.220000000001
5130,11937,16938.666666666668,24131.993333333332
5140,14082,14663.666666666666,15354.56
5150,14422,13364.666666666666,9159.609999999999
5160,13982,14210.333333333334,16464.193333333333
5170,14181,13797.333333333334,13211.13
5180,13339,14479.666666666666,13187.336666666668
5190,15343,12653.333333333334,6805.136666666666
5200,13726,13719.666666666666,11457.776666666667
5210,11596,23367.333333333332,44766.806666666664
5220,14760,13075.666666666666,8761.023333333333
5230,14645,13201.333333333334,8678.543333333333
5240,13969,13884.333333333334,14330.840000000002
5250,14072,13706.0,12813.233333333335
5260,13758,14136.333333333334,15672.316666666668
5270,14063,13746.333333333334,11872.5
5280,15522,12406.666666666666,6377.786666666667
5290,13692,14612.333333333334,15820.683333333334
5300,13846,13973.666666666666,14859.983333333332
5310,14513,13464.0,14626.85
5320,14693,13148.666666666666,8815.25
5330,13701,14379.333333333334,12171.76
5340,13769,14002.666666666666,11736.866666666667
5350,15360,12623.0,7971.053333333333
5360,13572,14245.333333333334,11802.9
5370,15092,12527.333333333334,8720.12
5380,14274,13817.666666666666,10356.09
5390,12415,15515.666666666666,21408.25
5400,15205,12630.0,12364.143333333333
5410,13802,13566.0,14134.61
5420,14465,13974.666666666666,12869.820000000002
5430,14230,13729.0,14028.85
5440,13402,14734.0,12658.506666666668
5450,13369,14261.333333333334,14932.923333333334
5460,12119,15807.0,19696.216666666667
5470,14721,14029.0,16733.78
5480,13249,14868.0,12415.046666666667
5490,13944,13828.333333333334,12796.85
5500,14796,13022.666666666666,7471.866666666666
5510,14478,13384.0,10432.019999999999
5520,15206,12674.333333333334,8355.186666666666
5530,14708,12976.0,10542.133333333333
5540,12833,14906.0,17760.163333333334
5550,14969,13344.666666666666,12540.99
5560,14360,13544.333333333334,12640.013333333334
5570,14977,12836.666666666666,7473.286666666667
5580,14126,13815.666666666666,13609.023333333333
5590,13639,14076.0,13693.49
5600,13297,14053.666666666666,11645.676666666666
5610,13273,15306.666666666666,20740.29333333333
5620,12065,16324.666666666666,27321.236666666664
5630,13000,14802.0,11942.676666666666
5640,14476,13517.333333333334,11351.623333333335
5650,13905,13852.0,13248.76
5660,13744,14166.0,15110.26
5670,15503,12548.333333333334,11632.806666666665
5680,15007,12902.666666666666,7942.216666666666
5690,14257,13525.666666666666,9769.43
5700,13795,14031.333333333334,16765.97
5710,15821,12408.333333333334,7689.446666666667
5720,11541,13459.0,9881.996666666668
5730,13398,16379.666666666666,30577.690000000002
5740,13535,15118.333333333334,18548.51
5750,13438,14520.666666666666,12318.173333333332
5760,14624,13166.333333333334,8464.103333333333
5770,11833,17523.666666666668,28661.496666666662
5780,14189,13561.0,7998.373333333334
5790,13141,15258.0,14081.063333333334
5800,14089,13713.666666666666,14574.173333333334
5810,13992,13818.0,14335.48666666667
5820,14858,13063.333333333334,10128.196666666669
5830,15770,12298.0,8581.859999999999
5840,14175,13670.0,9866.303333333335
5850,15464,12467.0,6644.4766666666665
5860,13023,14686.333333333334,14069.906666666668
5870,12350,13370.0,9129.403333333334
5880,13584,16847.666666666668,32262.803333333333
5890,14550,13242.333333333334,9958.99
5900,14174,13676.0,11596.6
5910,15031,12933.666666666666,8715.050000000001
5920,14640,13161.333333333334,8918.34
5930,12613,14854.666666666666,14908.643333333333
5940,12872,16852.666666666668,23704.39333333333
5950,13985,13791.0,13513.846666666666
5960,14009,13896.666666666666,13531.853333333333
5970,14198,13667.666666666666,15824.416666666666
5980,14676,13170.0,7977.583333333333
5990,14903,12954.0,8608.41
6000,14815,13101.0,8267.983333333332
6010,13203,14534.333333333334,14858.93
6020,13980,14060.0,12606.21
6030,12213,21119.666666666668,46912.10999999999
6040,14901,13065.333333333334,8419.98
6050,13330,14490.666666666666,13782.686666666666
6060,15899,12199.666666666666,6327.916666666667
6070,15243,12671.666666666666,8231.69
6080,13367,14636.333333333334,14393.293333333335
6090,11910,17869.333333333332,25372.066666666666
6100,14631,13197.0,8637.429999999998
6110,12971,14563.666666666666,15523.603333333333
6120,15642,12645.666666666666,9349.593333333334
6130,15495,12537.0,7785.143333333333
6140,15503,12572.333333333334,9072.25
6150,14602,13268.0,9973.816666666668
6160,13960,13898.0,13899.436666666666
6170,13661,14272.333333333334,15634.836666666664
6180,14931,12967.333333333334,7233.149999999999
6190,13014,15210.666666666666,20303.423333333336
6200,14488,13330.0,9622.019999999999
6210,14795,13194.0,9123.396666666666
6220,15451,12585.0,6710.54
6230,11824,16720.666666666668,21124.823333333334
6240,11847,17771.0,26057.05666666666
6250,14573,13636.666666666666,11200.31
6260,13961,13988.333333333334,9980.756666666666
6270,13575,14117.333333333334,17092.073333333334
6280,15815,12480.333333333334,8435.126666666667
6290,15242,12707.0,6922.893333333333
6300,14935,12928.666666666666,9448.616666666667
6310,13636,14271.666666666666,10481.486666666666
6320,12788,15903.0,21747.743333333336
6330,15425,12565.0,7493.406666666667
6340,13603,14576.666666666666,19623.61333333333
6350,14024,13792.333333333334,9295.436666666666
6360,14184,13634.0,8985.383333333333
6370,15368,12603.333333333334,7492.59
6380,13299,14220.0,14459.023333333333
6390,12430,14787.333333333334,16154.423333333334
6400,14786,14083.666666666666,15142.06
6410,14141,13680.666666666666,9519.563333333334
6420,14280,13490.0,12829.406666666668
6430,14700,13261.666666666666,9652.37
6440,14479,13516.666666666666,10426.966666666667
6450,14971,12897.666666666666,8629.193333333333
6460,14319,13594.333333333334,9494.9
6470,11695,17280.666666666668,21821.68333333333
6480,15042,12939.333333333334,9598.62
6490,12823,15692.333333333334,19741.12
6500,14940,12808.666666666666,7974.016666666667
6510,14048,14004.666666666666,9804.943333333335
6520,13912,14113.666666666666,11081.473333333333
6530,13251,14755.333333333334,14925.31
6540,11979,15833.666666666666,17276.116666666665
6550,13413,14843.333333333334,17834.96
6560,14513,13141.333333333334,7865.330000000001
6570,14490,13511.666666666666,8204.736666666666
6580,14376,13683.0,12111.153333333334
6590,13356,14500.333333333334,11620.736666666666
6600,14857,12927.0,6833.3533333333335
6610,13555,14184.666666666666,12901.443333333335
6620,12984,14544.333333333334,13855.176666666666
6630,14851,13752.333333333334,15670.31
6640,15158,12723.666666666666,7505.653333333333
6650,14778,13151.666666666666,8300.903333333334
6660,14500,13383.666666666666,8532.396666666667
6670,13297,14597.0,11751.050000000001
6680,13648,13969.666666666666,12457.743333333332
6690,14038,14095.333333333334,10867.14
6700,13621,14586.333333333334,17898.623333333333
6710,14968,12939.0,7365.19
6720,14044,13708.666666666666,7545.240000000001
6730,14095,13488.0,8512.803333333333
6740,14071,13910.0,10093.883333333333
6750,14848,13140.333333333334,9650.276666666667
6760,13700,13528.0,10408.88
6770,14761,13586.333333333334,10277.253333333334
6780,14404,13719.333333333334,13479.07
6790,15075,12386.0,7340.126666666666
6800,14188,14064.666666666666,10025.02
6810,15363,12539.0,7567.696666666667
6820,12988,14565.333333333334,12514.103333333333
6830,11561,17183.333333333332,22044.983333333334
6840,14063,14211.0,13667.886666666667
6850,14496,13574.333333333334,10700.910000000002
6860,14389,13402.666666666666,7333.463333333333
6870,14686,13188.666666666666,6804.846666666667
6880,14606,13169.0,7682.139999999999
6890,13659,14109.666666666666,10001.18
6900,15761,12273.333333333334,6141.3533333333335
6910,14204,13572.666666666666,12489.746666666668
6920,14042,13793.333333333334,11084.603333333333
6930,15626,12105.333333333334,7785.52
6940,15321,12924.666666666666,8961.346666666666
6950,13337,14524.666666666666,15484.720000000001
6960,14930,12906.333333333334,6953.233333333334
6970,14879,13108.333333333334,9335.633333333333
6980,12415,15550.333333333334,16541.116666666665
6990,14120,13843.666666666666,11959.283333333333
7000,15667,12324.666666666666,6721.886666666666
7010,14621,13197.666666666666,7305.990000000001
7020,13699,14223.333333333334,7690.333333333333
7030,14973,12864.333333333334,7018.25
7040,12763,15103.333333333334,8937.726666666667
7050,14063,13949.333333333334,8569.61
7060,15115,12565.666666666666,7365.73
7070,13417,14789.666666666666,16458.166666666668
7080,14786,13104.0,8499.973333333333
7090,14314,13588.0,9915.13
7100,12021,16328.666666666666,26159.176666666666
7110,14445,13398.666666666666,7094.5
7120,15213,12765.666666666666,8301.949999999999
7130,13215,14678.0,19658.23
7140,14553,13481.666666666666,11611.169999999998
7150,15157,12712.333333333334,7385.95
7160,14095,13744.666666666666,9317.0
7170,14926,12965.666666666666,6274.12
7180,15419,13209.666666666666,6823.876666666667
7190,12867,15033.0,7930.566666666667
7200,13464,14224.333333333334,11229.426666666666
7210,15029,13002.666666666666,7650.096666666667
7220,12315,15705.0,17285.11
7230,14891,13032.333333333334,7222.053333333332
7240,14639,13231.333333333334,9804.523333333333
7250,13312,14720.666666666666,17355.396666666667
7260,12595,15970.0,18188.78333333333
7270,14802,13034.333333333334,6956.350000000001
7280,13878,13962.333333333334,12581.07
7290,14615,13303.0,9618.516666666668
7300,14675,13220.333333333334,7419.486666666667
7310,14083,13575.666666666666,8443.083333333334
7320,14664,13295.666666666666,8920.853333333333
7330,14454,13278.0,7063.823333333334
7340,13285,14603.333333333334,7680.2266666666665
7350,12720,15060.0,9418.756666666666
7360,13799,14429.333333333334,11492.136666666665
7370,12413,15643.333333333334,13710.263333333334
7380,14049,13840.0,8028.846666666667
7390,14614,13230.666666666666,9964.723333333333
7400,13409,15123.666666666666,18108.283333333333
7410,13045,15121.333333333334,13025.553333333335
7420,13252,15032.666666666666,14142.843333333332
7430,13856,13495.333333333334,7790.610000000001
7440,13511,14840.666666666666,16264.756666666668
7450,14537,13349.0,7615.596666666667
7460,14321,13317.0,7928.599999999999
7470,14352,13658.666666666666,11099.916666666666
7480,13386,14421.0,10064.823333333334
7490,14154,13701.0,8180.863333333332
7500,13385,14702.0,9163.823333333334
7510,13201,14697.0,12065.419999999998
7520,13875,14209.333333333334,8869.33
7530,14079,13703.666666666666,7324.06
7540,13910,13650.333333333334,11523.046666666667
7550,14853,13266.333333333334,8756.493333333334
7560,14064,13759.0,11125.57
7570,12661,15821.333333333334,16747.36333333333
7580,13693,14129.666666666666,7739.57
7590,13300,14540.666666666666,12042.81
7600,13504,14446.333333333334,11170.456666666665
7610,14072,13629.0,7938.009999999999
7620,14596,13169.333333333334,7857.393333333333
7630,13580,14615.0,11607.393333333333
7640,14361,13431.333333333334,9231.38
7650,13148,14765.666666666666,11519.253333333332
7660,14290,13619.0,8496.466666666667
7670,13957,13958.333333333334,10162.763333333334
7680,13899,13880.333333333334,7618.983333333333
7690,13635,14167.666666666666,12373.46
7700,13080,14920.333333333334,16772.033333333333
7710,14575,13275.333333333334,6738.903333333333
7720,14057,13605.666666666666,8973.243333333334
7730,13511,14823.0,12599.496666666666
7740,13273,14609.666666666666,11344.373333333331
7750,13029,14245.333333333334,11504.363333333333
7760,13604,15492.0,16207.546666666667
7770,14345,13411.666666666666,8128.466666666667
7780,13085,15015.333333333334,12731.893333333333
7790,13895,13864.333333333334,10460.6
7800,13878,13950.333333333334,11104.043333333333
7810,15175,12648.0,7031.169999999999
7820,14409,13493.333333333334,8890.76
7830,14372,13317.0,8396.883333333333
7840,13609,13845.666666666666,8678.826666666666
7850,12127,16236.0,21953.373333333333
7860,14569,13359.0,7986.163333333333
7870,15014,12833.666666666666,5717.623333333333
7880,14815,13037.0,7167.833333333333
7890,13733,13989.0,7931.133333333334
7900,13407,14364.666666666666,12019.049999999997
7910,13485,15188.666666666666,16273.063333333334
7920,14266,13450.333333333334,7969.56
7930,13754,13879.666666666666,11052.276666666667
7940,13994,13949.666666666666,11949.133333333333
7950,13727,14172.0,10923.74
7960,12525,15743.666666666666,21106.446666666667
7970,13445,14713.666666666666,13432.12
7980,14476,13165.666666666666,8953.143333333333
7990,14070,13007.0,7809.813333333334
8000,11911,16223.0,21851.543333333335
8010,13911,14630.0,16827.42
8020,13492,14507.0,12507.596666666666
8030,13370,15065.666666666666,23099.569999999996
8040,14468,13316.0,8032.56
8050,14427,13508.0,8892.62
8060,12019,16869.666666666668,21799.043333333335
8070,14971,12927.0,8556.6
8080,14876,12800.333333333334,8374.456666666665
8090,13457,14511.666666666666,12981.796666666667
8100,13915,14130.333333333334,12492.720000000001
8110,13093,14967.666666666666,18559.276666666665
8120,14194,13811.333333333334,12554.846666666666
8130,11329,23747.333333333332,46902.41333333333
8140,14358,13082.333333333334,11209.536666666667
8150,12227,16414.0,25324.233333333334
8160,15112,12942.0,10523.42
8170,13478,14411.0,13107.5
8180,13467,14882.333333333334,22499.006666666668
8190,14846,13019.666666666666,8785.473333333333
8200,15167,12675.666666666666,6892.156666666667
8210,13820,13985.333333333334,11797.166666666666
8220,14889,13164.666666666666,11002.42
8230,14931,13118.0,11033.403333333334
8240,13830,14066.666666666666,11510.720000000001
8250,12425,14805.333333333334,12520.813333333334
8260,10441,28156.333333333332,69585.89333333333
8270,14377,15619.333333333334,20352.336666666666
8280,11249,23252.0,50300.463333333326
8290,14053,13818.666666666666,12405.576666666666
8300,13817,14235.666666666666,21675.329999999998
8310,14948,13078.333333333334,12238.31
8320,13972,14050.333333333334,12610.336666666668
8330,13406,15315.333333333334,23960.5
8340,15587,12379.0,8126.996666666667
8350,15592,12372.333333333334,6521.740000000001
8360,13692,14219.666666666666,13246.01
8370,15069,12948.666666666666,11212.046666666667
8380,15073,12921.0,11062.866666666669
8390,14044,13843.0,12820.893333333333
8400,13543,13992.0,11633.476666666667
8410,11175,39778.666666666664,85019.21666666666
8420,16501,11934.666666666666,7449.4766666666665
8430,11418,21173.333333333332,49026.12666666667
8440,13612,14057.666666666666,13135.343333333332
8450,13175,15146.0,20483.286666666667
8460,14950,12993.666666666666,11795.19
8470,14302,13464.666666666666,10345.89
8480,15848,12263.0,7311.103333333333
8490,14326,12589.333333333334,7095.526666666666
8500,12715,17418.666666666668,34067.48333333333
8510,16701,11853.0,8171.503333333334
8520,14778,13263.333333333334,10264.67
8530,13556,14551.0,17651.523333333334
8540,14624,13292.666666666666,12084.6
8550,13222,14712.333333333334,12106.446666666665
8560,10028,20164.0,41539.7
8570,15831,14981.0,37291.503333333334
8580,15003,12585.666666666666,11001.883333333333
8590,14368,13798.0,12538.863333333333
8600,12062,16128.666666666666,21592.056666666667
8610,15381,12610.333333333334,11165.803333333335
8620,14272,13038.0,9947.756666666666
8630,14380,14281.666666666666,14039.936666666666
8640,12685,15929.0,29156.966666666664
8650,11696,18303.0,39243.55
8660,16049,12177.666666666666,8269.003333333334
8670,15318,12661.666666666666,9120.246666666666
8680,14058,13962.0,13504.013333333334
8690,14343,13566.333333333334,13086.523333333333
8700,13850,13902.0,11764.18
8710,14528,13402.0,11719.669999999998
8720,14383,13430.666666666666,13513.556666666665
8730,15435,12493.0,7272.793333333334
8740,14275,13467.333333333334,11355.103333333333
8750,12815,14935.333333333334,19038.61
8760,14798,13473.666666666666,14634.846666666666
8770,14324,13298.0,9832.313333333334
8780,13452,14961.0,17644.403333333332
8790,11064,13162.666666666666,9896.003333333334
8800,9623,25985.0,81564.01333333332
8810,16368,11770.666666666666,7787.266666666666
8820,14997,12697.666666666666,8944.756666666666
8830,13677,14363.333333333334,14521.593333333332
8840,14693,13138.333333333334,9783.4
8850,15002,12884.666666666666,7298.259999999999
8860,12105,15009.666666666666,16371.956666666665
8870,11655,19015.333333333332,35841.23333333334
8880,14366,13542.0,9644.073333333334
8890,14960,12717.666666666666,8406.406666666668
8900,13283,14891.0,15749.126666666665
8910,15439,12424.0,8354.203333333333
8920,15717,12425.0,7331.213333333333
8930,12162,16023.666666666666,22611.046666666665
8940,11948,13531.0,8852.73
8950,11016,21215.0,54844.76333333333
8960,15553,12831.0,10222.07
8970,14675,13152.666666666666,11837.693333333335
8980,14584,13208.666666666666,7275.733333333333
8990,13699,14103.666666666666,11824.373333333335
9000,14857,13048.333333333334,8353.013333333334
9010,12540,14842.666666666666,15336.383333333333
9020,10790,20485.666666666668,35111.34333333333
9030,13769,13996.0,11062.449999999999
9040,14982,12922.666666666666,8466.429999999998
9050,14708,13216.666666666666,9989.413333333332
9060,14754,13139.666666666666,8957.46
9070,14982,12973.0,10047.08
9080,13171,14648.333333333334,16967.0
9090,13825,13804.666666666666,8445.176666666666
9100,11355,19418.333333333332,39056.60333333333
9110,15425,12599.333333333334,8298.65
9120,14279,13435.0,10764.706666666667
9130,14799,12804.333333333334,6872.653333333333
9140,13513,14615.333333333334,15335.753333333334
9150,14278,13496.0,8953.173333333334
9160,13648,14066.333333333334,12777.773333333333
9170,11113,20224.666666666668,39378.65
9180,14218,14032.666666666666,13307.93
9190,14177,13756.0,10354.106666666667
9200,15158,12714.333333333334,6706.080000000001
9210,13419,14397.333333333334,13572.996666666668
9220,15156,12780.333333333334,8288.066666666668
9230,13903,13986.0,15579.313333333334
9240,14368,13241.666666666666,8332.903333333334
9250,13195,14813.666666666666,12718.663333333336
9260,14851,12999.333333333334,8071.0
9270,13254,14790.0,16102.06
9280,14743,13059.0,8013.216666666667
9290,13464,14464.666666666666,14444.63
9300,14079,13795.666666666666,8718.283333333333
9310,14093,13515.333333333334,6995.16
9320,13218,14890.333333333334,17655.923333333336
9330,14820,12964.333333333334,9044.163333333332
9340,13773,14398.333333333334,11153.993333333334
9350,15070,12772.666666666666,6074.46
9360,13833,14051.666666666666,12595.823333333334
9370,14415,13413.666666666666,10394.07
9380,14662,12848.666666666666,8599.79
9390,14221,13995.333333333334,11820.176666666666
9400,12923,14981.0,12686.846666666666
9410,14124,13740.0,10811.32
9420,13044,14919.0,14464.816666666666
9430,15009,12837.666666666666,7722.099999999999
9440,14015,13891.666666666666,12684.913333333336
9450,14401,13512.0,7449.456666666668
9460,11977,17566.333333333332,26632.84
9470,14191,13701.0,13426.023333333333
9480,15025,13047.0,10213.983333333335
9490,12854,14928.333333333334,11753.953333333333
9500,15279,12740.666666666666,6654.006666666665
9510,14610,13264.666666666666,11290.42
9520,13740,14361.0,10255.996666666666
9530,15107,12640.0,7326.373333333333
9540,13516,14440.0,14165.049999999997
9550,14099,13989.333333333334,10399.28
9560,13468,14314.666666666666,12367.943333333335
9570,12481,15584.333333333334,17008.553333333333
9580,14281,13496.0,10105.800000000001
9590,14069,13697.666666666666,10781.84
9600,14000,13973.0,9390.63
9610,10750,18931.0,30955.376666666663
9620,14446,13429.333333333334,9440.616666666667
9630,14304,13276.333333333334,7267.639999999999
9640,12727,15375.0,15313.803333333335
9650,14677,13113.0,8487.513333333334
9660,15283,12762.0,7632.53
9670,13435,14618.333333333334,9747.9
9680,14409,13385.666666666666,7838.463333333333
9690,13435,14324.333333333334,14048.776666666667
9700,14177,13822.0,11211.183333333334
9710,13172,14678.333333333334,15112.183333333334
9720,13573,14242.666666666666,10801.753333333332
9730,13693,14178.0,12934.743333333332
9740,14145,13495.333333333334,10768.983333333332
9750,13253,14817.666666666666,13164.723333333333
9760,11589,17994.666666666668,30670.100000000002
9770,14404,13394.666666666666,8813.273333333333
9780,14997,12774.0,6598.7
9790,10487,22479.0,52224.35
9800,14411,13435.666666666666,12252.973333333333
9810,15778,12337.0,7426.376666666666
9820,13512,14437.0,7988.816666666667
9830,14656,13260.333333333334,8457.283333333335
9840,14178,13628.333333333334,12772.933333333334
9850,14520,13161.666666666666,11529.983333333332
9860,13501,14470.666666666666,14921.913333333332
9870,14281,13618.0,9844.833333333334
9880,14098,13888.333333333334,12904.270000000002
9890,14470,13469.0,11090.0
9900,13260,14035.666666666666,10103.273333333333
9910,13461,14772.0,16640.693333333333
9920,13141,14144.666666666666,12584.82
9930,14553,13944.666666666666,13946.589999999998
9940,11238,21181.666666666668,49009.30000000001
9950,13914,13824.0,12148.396666666667
9960,15738,12384.333333333334,7834.146666666667
9970,13741,14413.666666666666,14645.623333333331
9980,13442,14545.333333333334,18031.923333333332
9990,14626,13188.0,9795.773333333334
10000,14482,13438.0,13594.213333333333
10010,13403,14425.666666666666,14287.463333333333
10020,13142,15395.0,17775.893333333333
10030,14571,13418.666666666666,10068.086666666664
10040,14704,13132.666666666666,8191.623333333333
10050,13248,14127.666666666666,10583.34
10060,13887,14195.333333333334,16082.730000000001
10070,12724,14749.0,14402.856666666667
10080,12806,16107.666666666666,27050.966666666664
10090,10884,21532.666666666668,49194.07
10100,14551,13617.333333333334,15997.526666666667
10110,14281,13714.0,13971.936666666666
10120,12486,16502.666666666668,21989.203333333335
10130,13982,13951.333333333334,17581.676666666666
10140,14783,13124.666666666666,9244.703333333333
10150,15064,12778.333333333334,9539.856666666667
10160,13682,14143.666666666666,13850.833333333334
10170,12726,15107.333333333334,17725.906666666666
10180,14833,13363.666666666666,10601.333333333334
10190,14221,13605.333333333334,10355.32
10200,13418,14448.666666666666,11813.216666666667
10210,13694,14069.333333333334,15677.74
10220,13259,13805.0,11343.37
10230,12218,16998.333333333332,30279.743333333332
10240,14115,13540.0,12558.726666666667
10250,14362,13921.666666666666,14704.300000000001
10260,14589,13570.333333333334,13820.636666666665
10270,11259,17443.0,25174.089999999997
10280,14211,13750.666666666666,16209.793333333333
10290,14328,13365.0,8981.806666666665
10300,15468,12553.333333333334,9816.593333333332
10310,13925,13787.333333333334,11088.166666666666
10320,13739,14829.666666666666,17885.84
10330,14262,13528.666666666666,10766.35
10340,14027,13803.0,10490.056666666665
10350,13081,14803.666666666666,14137.976666666667
10360,13822,14052.666666666666,14146.496666666666
10370,13525,14199.333333333334,11758.353333333333
10380,12573,16337.0,27217.31666666667
10390,14239,13492.0,13564.599999999999
10400,14360,13567.333333333334,14416.023333333333
10410,13395,14646.666666666666,16166.163333333332
10420,11348,17238.333333333332,26723.170000000002
10430,15097,12775.0,7769.983333333334
10440,12067,16607.0,21979.13
10450,14444,13555.333333333334,9925.83
10460,14430,13280.333333333334,10487.343333333332
10470,14373,13607.333333333334,9916.476666666667
10480,14025,13790.666666666666,11242.563333333334
10490,14734,13150.333333333334,10273.006666666666
10500,13371,14263.666666666666,12566.169999999998
10510,14294,13729.666666666666,12216.473333333333
10520,14022,13864.666666666666,11092.786666666667
10530,13621,13712.0,12260.603333333333
10540,13346,14380.0,17282.196666666667
10550,14732,13520.0,12222.650000000001
10560,14619,13369.0,10369.606666666667
10570,12550,15636.333333333334,19167.86666666667
10580,14698,13090.333333333334,7876.3
10590,11732,16956.666666666668,23914.07666666667
10600,14254,13602.333333333334,10204.096666666666
10610,14228,13506.666666666666,8354.853333333333
10620,13639,14369.0,13933.35
10630,14436,13248.666666666666,7473.920000000001
10640,15111,12822.0,6729.4766666666665
10650,13933,13877.333333333334,11406.480000000001
10660,13329,14492.0,15884.310000000003
10670,12762,15197.333333333334,14465.496666666668
10680,13354,14027.666666666666,11370.676666666666
10690,13523,14290.666666666666,13740.963333333333
10700,13921,14234.0,12364.443333333335
10710,13761,14212.0,11045.893333333333
10720,12258,16106.0,18976.79
10730,14541,13272.333333333334,8404.82
10740,11962,16835.333333333332,24962.066666666666
10750,13142,14748.333333333334,11070.036666666667
10760,13905,13901.0,10553.363333333333
10770,12872,14894.333333333334,14635.083333333334
10780,14199,13625.333333333334,10573.916666666666
10790,14603,13245.666666666666,6944.8
10800,11668,18027.333333333332,33000.95333333333
10810,13410,14615.0,17241.126666666667
10820,13915,13807.333333333334,9765.923333333334
10830,12891,15051.666666666666,14157.253333333334
10840,13801,13556.0,8901.053333333333
10850,13693,14617.0,12511.42
10860,13391,14383.333333333334,11809.203333333333
10870,13629,14264.333333333334,11495.266666666668
10880,14016,13475.333333333334,7678.346666666667
10890,14096,14008.666666666666,13858.096666666666
10900,13672,14174.333333333334,11353.0
10910,13882,14006.333333333334,10501.7
10920,13661,14064.0,11872.136666666667
10930,14158,13773.0,11083.76
10940,13010,15241.333333333334,15067.616666666667
10950,12473,13491.333333333334,13963.436666666666
10960,12505,17811.333333333332,37684.926666666666
10970,13320,14518.666666666666,9585.769999999999
10980,13458,14499.333333333334,10931.563333333334
10990,13633,14218.333333333334,12499.343333333332
11000,14402,13430.0,7286.79
11010,13224,14546.333333333334,11437.01
11020,13544,14078.0,11410.493333333332
11030,13695,14126.333333333334,11165.006666666668
11040,13689,14088.666666666666,12448.183333333334
11050,13847,14330.333333333334,12047.17
11060,14675,13278.333333333334,9970.03
11070,12793,15615.666666666666,16675.743333333332
11080,13759,14019.0,11920.846666666666
11090,13394,14741.333333333334,15123.349999999999
11100,13054,13075.0,14581.159999999998
11110,12092,18331.0,37397.096666666665
11120,12238,14862.666666666666,12734.57
11130,13790,15050.666666666666,18820.323333333334
11140,13283,14572.666666666666,13479.89
11150,14908,12947.666666666666,7116.516666666666
11160,13247,14622.0,12488.166666666666
11170,15214,12722.666666666666,8684.066666666668
11180,13380,14501.333333333334,11929.776666666667
11190,13669,14112.0,12625.446666666669
11200,13439,14458.666666666666,12850.896666666667
11210,14419,13708.333333333334,12642.063333333334
11220,13198,14346.666666666666,14172.776666666667
11230,14462,13899.0,12536.576666666666
11240,13671,14684.666666666666,15731.933333333332
11250,15220,12614.666666666666,9951.103333333333
11260,10489,18753.333333333332,27639.960000000003
11270,11967,15056.333333333334,12856.253333333334
11280,12961,15931.666666666666,21956.523333333334
11290,13682,14258.0,14814.01
11300,14617,13196.0,9099.42
11310,13074,14275.0,11249.666666666666
11320,14939,13422.0,9850.31
11330,13699,14175.666666666666,11806.556666666665
11340,14189,13776.666666666666,10592.766666666668
11350,13143,14686.0,12104.913333333336
11360,14147,13042.333333333334,10779.840000000002
11370,12671,15567.666666666666,20527.89
11380,14752,13822.666666666666,12194.536666666667
11390,14475,13365.666666666666,9650.023333333333
11400,14790,12865.666666666666,9511.890000000001
11410,11133,17743.666666666668,21924.873333333333
11420,12544,14680.666666666666,16370.433333333334
11430,12474,16271.0,24015.493333333336
11440,14906,13116.666666666666,10923.019999999999
11450,14053,13762.0,13678.89
11460,14450,13430.0,9343.463333333333
11470,13275,14639.0,14276.913333333336
11480,13988,13926.0,8733.946666666667
11490,14697,13182.666666666666,8155.84
11500,13595,14320.0,11134.286666666667
11510,13566,14061.666666666666,11924.199999999999
11520,13313,14715.0,14487.590000000002
11530,14533,13083.666666666666,10095.09
11540,14320,13924.0,12090.63
11550,15074,12876.333333333334,9771.179999999998
11560,12285,15977.0,15437.363333333335
11570,12755,15305.0,17400.26
11580,12608,15342.333333333334,13912.676666666666
11590,15117,12824.333333333334,8013.889999999999
11600,13815,14014.666666666666,14202.736666666666
11610,13452,14637.666666666666,13092.730000000001
11620,13325,14303.666666666666,12002.626666666669
11630,13997,14205.666666666666,10158.78
11640,13853,13919.333333333334,9120.076666666666
11650,12993,15063.333333333334,12405.276666666667
11660,13719,14052.0,9608.949999999999
11670,13910,14136.666666666666,11506.160000000002
11680,13292,14653.333333333334,12780.393333333332
11690,12507,15551.666666666666,16755.726666666666
11700,15416,12523.333333333334,8008.473333333332
11710,13081,14782.333333333334,12394.223333333333
11720,12235,15364.666666666666,16884.5
11730,13504,13933.666666666666,10810.733333333334
11740,14914,13595.0,13804.393333333333
11750,14317,13613.0,13815.42
11760,13452,14026.666666666666,12306.96
11770,13183,14718.333333333334,15929.293333333335
11780,13254,15083.333333333334,11426.163333333332
11790,14412,13243.666666666666,7570.546666666666
11800,13072,15219.666666666666,13224.99
11810,13508,14254.666666666666,9501.893333333333
11820,14293,13672.333333333334,8110.663333333333
11830,13937,14036.333333333334,12086.983333333332
11840,12916,15213.666666666666,15115.143333333333
11850,15840,12213.0,7300.866666666666
11860,13666,14228.0,9289.340000000002
11870,11878,15780.333333333334,19481.50333333333
11880,13508,14541.0,10258.343333333332
11890,13683,14368.333333333334,15777.133333333333
11900,14509,13255.333333333334,9274.696666666667
11910,12715,15411.0,15484.729999999998
11920,11598,17011.666666666668,23929.11333333333
11930,14435,13494.666666666666,7723.88
11940,14752,13110.0,7621.403333333333
11950,13816,14292.0,11188.806666666665
11960,14003,14045.666666666666,10775.966666666667
11970,14438,13429.666666666666,8046.876666666667
11980,13908,13956.333333333334,11606.65
11990,13529,14828.333333333334,12477.4
12000,13898,14267.0,11963.163333333332
12010,14317,13721.333333333334,9482.993333333334
12020,12126,15902.0,19072.813333333335
12030,13134,14920.0,12690.279999999999
12040,13587,14242.333333333334,16446.656666666666
12050,14837,13108.666666666666,9148.983333333334
12060,13808,14064.0,10604.913333333332
12070,11712,16881.0,23208.899999999998
12080,14286,13679.666666666666,12042.146666666667
12090,14896,13005.666666666666,7421.983333333334
12100,15182,12752.0,8427.193333333335
12110,14681,13151.666666666666,7953.88
12120,13534,14352.333333333334,9614.94333333333
12130,14371,13486.666666666666,10540.156666666668
12140,15010,12831.333333333334,6894.173333333332
12150,12655,15617.0,17678.600000000002
12160,14718,13284.666666666666,8656.01
12170,12633,15428.333333333334,18222.796666666665
12180,12388,15352.0,12818.826666666666
12190,14000,14211.0,11395.323333333334
12200,13952,13797.666666666666,9401.506666666666
12210,13584,14419.666666666666,10593.586666666666
12220,12046,16423.0,18741.14
12230,13456,15034.333333333334,22537.746666666662
12240,14844,12988.666666666666,7111.63
12250,14071,14019.666666666666,12242.789999999999
12260,15000,12883.666666666666,7237.576666666667
12270,13928,14036.333333333334,11287.88
12280,13960,13793.0,11426.200000000003
12290,14242,14033.666666666666,12088.983333333332
12300,11801,15670.666666666666,15917.61
12310,13040,16304.0,27041.83666666667
12320,12760,14723.0,13074.210000000001
12330,13433,14790.0,16832.81
12340,14075,13959.0,9996.553333333331
12350,13154,14039.333333333334,9177.449999999999
12360,13862,14700.333333333334,15215.15
12370,13948,13683.333333333334,9680.883333333333
12380,10373,20129.666666666668,37856.79666666667
12390,14587,13225.333333333334,7229.089999999999
12400,12635,15103.666666666666,14743.363333333333
12410,14376,13695.333333333334,10483.6
12420,14355,13622.666666666666,10485.556666666665
12430,14114,13697.333333333334,9809.933333333332
12440,12398,15900.666666666666,20907.63333333333
12450,11729,14936.666666666666,17495.45666666667
12460,12572,17015.666666666668,25601.666666666668
12470,13576,14388.333333333334,11517.396666666667
12480,13195,14957.0,15440.343333333332
12490,14427,13449.0,10947.93
12500,13082,15060.666666666666,15404.83
12510,13584,14259.333333333334,11013.453333333333
12520,13750,14168.0,14278.116666666667
12530,10112,19312.333333333332,35075.35
12540,14971,12615.666666666666,6532.7733333333335
12550,12881,15610.333333333334,14633.893333333333
12560,13493,14325.0,12325.71
12570,14414,13336.333333333334,10624.413333333334
12580,13907,13395.666666666666,8232.386666666667
12590,12292,15989.333333333334,17881.016666666666
12600,14204,13804.333333333334,12877.536666666667
12610,12183,17235.333333333332,27748.569999999996
12620,13108,14867.666666666666,13915.393333333333
12630,11634,17051.0,24640.16333333333
12640,13913,13877.666666666666,9089.256666666666
12650,14056,13464.666666666666,10238.566666666666
12660,12951,15350.666666666666,17158.156666666666
12670,15023,12770.333333333334,9198.46
12680,11856,17705.666666666668,25052.42
12690,15116,12836.666666666666,7453.0233333333335
12700,13052,14583.666666666666,16008.050000000001
12710,14170,13772.666666666666,10849.563333333334
12720,13457,14600.333333333334,13032.9
12730,13657,14235.0,10906.05
12740,13525,14841.666666666666,15048.146666666667
12750,14101,13815.666666666666,10110.53
12760,12408,15572.333333333334,19489.736666666668
12770,13132,14772.666666666666,15299.76
12780,11607,16971.333333333332,22744.006666666668
12790,14757,13385.333333333334,9627.81
12800,14137,13688.666666666666,10634.003333333334
12810,12644,14267.666666666666,10435.656666666668
12820,15375,13399.0,13512.949999999999
12830,13855,14128.666666666666,11437.866666666669
12840,14210,13570.0,10172.926666666668
12850,13618,14269.0,13998.803333333335
12860,12523,15602.666666666666,18517.186666666665
12870,12953,14769.0,12321.553333333331
12880,14995,13001.0,7496.246666666666
12890,15076,12841.666666666666,6918.12
12900,14262,13274.0,8206.72
12910,12690,15985.666666666666,20721.550000000003
12920,13791,14271.0,13954.653333333334
12930,12246,16215.0,20229.23
12940,14322,13389.666666666666,8166.776666666668
12950,13718,14219.333333333334,11087.12
12960,13538,14531.333333333334,16920.713333333333
12970,14883,12952.333333333334,7960.663333333333
12980,14830,13046.666666666666,7746.903333333333
12990,14228,13504.666666666666,9846.196666666667
13000,12747,15502.333333333334,17014.033333333333
13010,13741,13963.0,14766.586666666668
13020,14493,13723.0,12104.916666666666
13030,14191,13719.666666666666,9525.076666666666
13040,15578,12378.333333333334,5809.64
13050,13969,13484.0,13270.733333333332
13060,12765,14632.666666666666,15789.25
13070,13752,15137.666666666666,17499.03
13080,13642,14302.333333333334,12787.6
13090,14283,13437.0,10647.673333333332
13100,12773,15380.333333333334,12949.426666666666
13110,13736,13479.0,8336.43
13120,13348,15133.666666666666,19477.453333333335
13130,14000,13732.0,8787.94
13140,14669,13250.0,9823.463333333333
13150,13644,14293.666666666666,10806.383333333333
13160,13114,15168.666666666666,17391.74666666667
13170,13981,13945.333333333334,9571.736666666666
13180,13501,14840.666666666666,12393.523333333333
13190,15090,12674.0,5811.086666666666
13200,13488,13803.0,13696.863333333333
13210,15540,12954.0,10495.443333333335
13220,12205,16018.333333333334,15853.699999999999
13230,13931,13853.666666666666,11032.253333333334
13240,13187,14692.333333333334,15122.47
13250,12636,15227.0,13141.409999999998
13260,14535,13213.333333333334,9117.796666666667
13270,13173,14542.666666666666,15447.326666666666
13280,13973,13984.333333333334,8878.846666666666
13290,13379,14396.666666666666,13464.676666666666
13300,15138,12857.666666666666,8997.623333333335
13310,14411,13183.333333333334,7693.886666666665
13320,13709,14309.666666666666,13806.980000000001
13330,13124,15027.333333333334,12600.556666666665
13340,14762,13058.333333333334,7447.253333333334
13350,12912,14966.333333333334,19311.55
13360,14141,13695.333333333334,10558.336666666668
13370,14354,13451.666666666666,8110.82
13380,12998,14924.0,13359.963333333333
13390,12596,15610.0,17653.523333333334
13400,12304,15777.0,16399.043333333335
13410,13525,14292.333333333334,13641.373333333331
13420,14198,13545.333333333334,10368.1
13430,13017,14902.333333333334,13661.74
13440,13838,14001.0,11225.82
13450,13928,13835.333333333334,9972.85
13460,14660,13155.0,7741.2733333333335
13470,13682,14149.666666666666,10602.856666666665
13480,13316,14596.666666666666,11678.096666666666
13490,14171,14035.0,10664.036666666667
13500,13610,13933.666666666666,10386.83
13510,14638,13452.333333333334,13074.83
13520,14195,13701.666666666666,8985.31
13530,12980,14544.0,14110.176666666666
13540,13923,14266.666666666666,13878.526666666667
13550,13473,14025.0,9451.616666666667
13560,13990,13871.666666666666,13624.61
13570,14051,14176.666666666666,12429.39
13580,12009,16212.666666666666,18534.09
13590,14328,13132.333333333334,7540.596666666667
13600,14826,13384.0,11046.486666666666
13610,14385,13424.666666666666,7552.533333333334
13620,14151,13779.666666666666,11910.393333333333
13630,15238,12712.666666666666,6558.006666666665
13640,14007,13744.666666666666,10097.126666666669
13650,12952,14415.0,12090.26
13660,14616,13701.666666666666,10556.376666666669
13670,14279,13539.333333333334,8595.636666666665
13680,14325,13416.0,9144.716666666665
13690,12810,14829.0,15835.673333333334
13700,13498,14916.666666666666,16914.406666666666
13710,13729,14038.0,10990.56
13720,14126,13673.0,8094.206666666666
13730,13569,14489.666666666666,17902.31333333333
13740,14200,13706.666666666666,11638.916666666666
13750,13981,13755.333333333334,8302.38
13760,14620,13250.666666666666,7518.03
13770,15406,12516.333333333334,8717.933333333334
13780,14806,13140.666666666666,8258.526666666667
13790,13777,14004.0,11659.446666666665
13800,14028,13774.0,10272.85
13810,14248,13654.666666666666,6967.756666666667
13820,13567,13947.333333333334,10322.443333333335
13830,14453,13644.666666666666,9123.993333333334
13840,12713,14395.333333333334,14872.710000000001
13850,14429,14169.0,13537.503333333334
13860,14350,13431.0,10671.273333333333
13870,12400,16257.0,27338.789999999997
13880,13152,14066.0,13050.573333333332
13890,13170,15458.0,20086.733333333334
13900,13275,14596.0,13652.416666666666
13910,14582,13249.0,6772.566666666666
13920,14943,12860.333333333334,9474.363333333333
13930,14487,13441.666666666666,7921.72
13940,14863,12968.333333333334,12165.006666666666
13950,14422,13461.0,9201.806666666665
13960,13589,14286.333333333334,10611.483333333332
13970,14387,13484.666666666666,10581.856666666667
13980,14227,13589.0,12401.776666666667
13990,12909,15069.333333333334,17503.383333333335
14000,12400,15652.0,13509.026666666665
14010,14902,12996.333333333334,9041.856666666667
14020,11374,17583.666666666668,34169.043333333335
14030,15024,13228.666666666666,11684.5
14040,12708,15243.0,16495.806666666667
14050,13951,13873.666666666666,12500.89
14060,14300,13521.666666666666,7887.656666666667
14070,14033,13726.666666666666,10001.839999999998
14080,14209,13685.333333333334,8924.113333333333
14090,13844,14011.666666666666,10492.97
14100,13121,14676.333333333334,7799.7733333333335
14110,14283,13886.666666666666,9647.166666666666
14120,14525,13180.333333333334,9817.893333333332
14130,13945,13756.666666666666,10083.306666666665
14140,13263,14365.666666666666,11615.44
14150,12481,15753.333333333334,13338.75
14160,13131,14446.666666666666,8720.35
14170,11900,17274.0,35990.08
14180,14205,13578.333333333334,12287.65
14190,12583,15545.666666666666,14725.13
14200,13331,14309.666666666666,12541.683333333334
14210,13937,14104.0,10974.276666666667
14220,12685,15669.333333333334,18508.736666666668
14230,13597,14172.333333333334,7615.633333333334
14240,14677,13088.0,7857.163333333334
14250,11473,17060.666666666668,17835.176666666666
14260,12650,15803.0,16815.816666666666
14270,13846,13920.333333333334,11586.406666666668
14280,14310,13485.333333333334,10151.199999999999
14290,13399,14515.333333333334,10665.276666666667
14300,12102,15494.0,8259.796666666667
14310,12534,16008.0,14710.669999999998
14320,12921,14389.333333333334,8898.493333333334
14330,14274,14170.666666666666,15722.046666666667
14340,13498,14278.0,9999.853333333334
14350,14504,13339.0,7648.150000000001
14360,13139,14014.666666666666,9506.2
14370,13843,14760.0,14944.033333333333
14380,12199,15962.666666666666,17008.553333333333
14390,12523,15635.333333333334,14187.183333333334
14400,11588,18165.0,20827.079999999998
14410,12934,14887.0,11805.279999999999
14420,13477,14365.333333333334,11239.15
14430,13219,14369.333333333334,9381.35
14440,14612,13497.666666666666,7719.603333333333
14450,13051,14928.0,10434.486666666666
14460,12595,15373.666666666666,11796.090000000002
14470,12205,15886.333333333334,11852.910000000002
14480,14326,13461.333333333334,8518.51
14490,13765,14163.666666666666,10738.449999999999
14500,14153,13713.666666666666,8164.139999999999
14510,13768,13750.666666666666,7081.373333333333
14520,12839,15927.666666666666,17705.420000000002
14530,12799,15330.666666666666,15162.606666666667
14540,12258,16062.333333333334,19894.263333333332
14550,11685,17092.333333333332,25021.27666666667
14560,13627,14575.0,13650.226666666667
14570,13373,14610.0,12825.906666666668
14580,14158,13681.333333333334,9635.433333333332
14590,14025,13954.333333333334,7765.133333333334
14600,14277,13490.0,7573.606666666667
14610,13159,14742.666666666666,15005.06
14620,13104,14875.666666666666,9576.856666666667
14630,13940,13765.333333333334,9117.769999999999
14640,13646,14280.666666666666,10784.106666666667
14650,14619,13228.0,6737.243333333333
14660,13347,14494.333333333334,11591.98666666667
14670,12053,13555.333333333334,9697.503333333334
14680,14451,14771.0,23389.986666666664
14690,11921,17869.333333333332,25630.583333333332
14700,13468,14746.666666666666,16131.146666666667
14710,13720,14187.666666666666,8632.916666666666
14720,13431,14490.0,10489.833333333334
14730,13459,14396.333333333334,11179.230000000001
14740,13525,14344.666666666666,11529.840000000002
14750,14894,12977.333333333334,6995.0
14760,14347,13529.0,11729.493333333332
14770,13604,14221.333333333334,12388.316666666666
14780,13473,14280.666666666666,11060.636666666667
14790,12911,15078.0,13943.356666666665
14800,13846,13954.0,10619.783333333333
14810,13418,14542.333333333334,13057.216666666667
14820,11635,14168.0,10469.199999999999
14830,13059,17707.666666666668,35115.45333333333
14840,13736,13378.0,8703.803333333331
14850,12719,16597.666666666668,20039.406666666666
14860,11591,17811.666666666668,21977.976666666666
14870,14053,13897.333333333334,9153.223333333333
14880,13184,14652.333333333334,13372.376666666669
14890,13431,14473.0,11599.266666666668
14900,14517,13399.0,6838.93
14910,13726,14196.333333333334,9401.713333333333
14920,13078,14595.666666666666,14892.606666666667
14930,14178,13828.666666666666,10754.9
14940,12624,15372.333333333334,15579.92
14950,11760,16846.333333333332,26308.53
14960,14548,13247.666666666666,10312.38
14970,12725,14777.666666666666,12907.36
14980,10334,18568.666666666668,36594.93
14990,15272,13823.333333333334,14556.19
15000,14307,13519.0,9053.286666666667
15010,11647,15725.666666666666,14334.456666666665
15020,13556,15255.0,17658.13
15030,12432,15621.0,16469.899999999998
15040,14446,13409.666666666666,7137.426666666666
15050,13504,14314.666666666666,11308.853333333333
15060,14231,13596.0,8759.71
15070,13563,14390.0,15313.653333333334
15080,14085,13757.666666666666,10824.873333333333
15090,13163,14801.333333333334,14695.07
15100,11947,16585.333333333332,25151.853333333333
15110,15105,12658.333333333334,9297.413333333334
15120,13302,14633.0,12380.573333333334
15130,13075,14916.333333333334,14536.426666666666
15140,12320,16198.666666666666,20485.460000000003
15150,14670,13273.666666666666,7612.7733333333335
15160,13741,14156.333333333334,11853.699999999999
15170,11417,17496.666666666668,26278.216666666664
15180,13617,13950.0,14734.019999999999
15190,13864,14214.0,10781.406666666668
15200,14507,13382.666666666666,7038.433333333334
15210,14478,13309.333333333334,9024.93
15220,13605,14321.0,7748.7266666666665
15230,14171,13594.333333333334,12136.053333333335
15240,14450,13415.333333333334,8444.426666666666
15250,13185,13691.666666666666,11206.043333333333
15260,13674,15859.666666666666,20221.273333333334
15270,13665,14268.333333333334,12516.396666666667
15280,14618,13382.333333333334,9207.233333333332
15290,12718,15365.0,16536.67
15300,14431,13450.333333333334,9814.07
15310,14485,13355.666666666666,8873.046666666667
15320,12927,15051.333333333334,16615.073333333334
15330,14198,13502.333333333334,9895.519999999999
15340,13186,14724.0,15278.953333333333
15350,14619,13287.666666666666,7917.266666666666
15360,14185,13612.0,9808.473333333333
15370,14650,13182.666666666666,7383.39
15380,13728,14185.0,15157.253333333334
15390,14646,13227.0,9492.006666666666
15400,13690,14208.0,13108.463333333333
15410,13656,14425.0,13650.01
15420,13514,14477.0,13189.396666666667
15430,14189,13822.333333333334,11092.13
15440,12783,15382.333333333334,22082.666666666668
15450,12548,15525.666666666666,16837.663333333334
15460,15769,12332.333333333334,7051.056666666667
15470,14298,14036.0,14237.720000000001
15480,13491,14373.333333333334,11872.133333333333
15490,12422,15621.666666666666,17199.423333333336
15500,14784,13039.0,7732.82
15510,14419,13422.333333333334,8951.1
15520,14359,13443.0,8666.769999999999
15530,14190,13525.666666666666,8787.243333333334
15540,12343,15999.0,18338.763333333332
15550,13493,14581.0,15680.776666666667
15560,12372,16013.333333333334,19157.2
15570,15043,12901.0,7530.62
15580,13063,15170.0,14308.223333333333
15590,11721,15498.666666666666,13850.253333333332
15600,12925,16248.333333333334,24861.710000000003
15610,15309,12769.333333333334,10644.67
15620,15091,12986.0,10406.86
15630,13407,14272.0,11276.463333333333
15640,13034,14818.333333333334,14809.409999999998
15650,14300,13907.0,10172.603333333333
15660,14710,13172.666666666666,9430.546666666667
15670,15211,12708.333333333334,7834.343333333333
15680,14337,13486.0,9047.446666666665
15690,13110,14806.0,13596.696666666669
15700,12530,15795.333333333334,17438.453333333335
15710,12374,15623.0,20513.31666666667
15720,13554,14448.0,15896.283333333333
15730,11668,15884.666666666666,15938.019999999999
15740,13262,15077.0,18348.47
15750,12326,16558.666666666668,27758.233333333337
15760,14688,13090.333333333334,9543.983333333334
15770,13561,14622.0,19601.146666666667
15780,14947,13000.0,8730.773333333333
15790,13293,14772.333333333334,14033.480000000001
15800,12747,14635.0,11156.443333333335
15810,14550,14045.333333333334,11730.916666666666
15820,13119,15086.333333333334,10567.42
15830,15124,12730.0,7533.59
15840,14327,13660.666666666666,7278.746666666666
15850,12518,15218.0,12090.633333333333
15860,11962,16205.333333333334,18580.186666666665
15870,12081,16248.666666666666,18371.16
15880,13116,15371.666666666666,19135.306666666667
15890,12832,15035.666666666666,17909.936666666665
15900,12743,15424.0,17388.52666666667
15910,13646,13907.666666666666,10605.986666666666
15920,13675,15298.333333333334,20754.766666666666
15930,13220,14783.333333333334,13093.460000000001
15940,12789,15535.333333333334,18642.166666666668
15950,13995,13780.333333333334,9864.746666666666
15960,14330,13598.666666666666,11817.06
15970,13945,14111.333333333334,7413.28
15980,13524,14061.666666666666,8493.506666666666
15990,14074,14232.666666666666,13184.970000000001
16000,14221,13619.666666666666,8026.796666666666
16010,12409,15397.0,16094.79
16020,13319,14814.666666666666,13058.57
16030,11634,17334.666666666668,23572.123333333337
16040,12313,16234.666666666666,20152.006666666668
16050,12925,14982.333333333334,17875.816666666666
16060,13142,15016.0,17046.106666666667
16070,12201,14854.666666666666,18251.743333333336
16080,13534,15327.666666666666,21330.736666666668
16090,11943,16479.0,19626.690000000002
16100,14102,13956.666666666666,10907.406666666668
16110,12745,15247.666666666666,14433.78
16120,13813,14040.666666666666,7459.703333333334
16130,13515,14301.666666666666,9690.98
16140,13271,14831.0,12901.79
16150,13854,13880.666666666666,9787.236666666666
16160,13863,14006.333333333334,7928.7266666666665
16170,11992,16172.333333333334,21599.100000000002
16180,12254,14934.666666666666,14372.353333333334
16190,10834,14860.666666666666,20389.21
16200,12456,19795.333333333332,51613.34333333333
16210,10972,18160.333333333332,25404.72333333333
16220,13015,15429.0,16472.84
16230,12206,16574.0,19762.576666666668
16240,13291,14697.333333333334,13789.573333333334
16250,12741,15233.666666666666,20894.996666666662
16260,13651,14191.666666666666,10995.12
16270,14203,13587.333333333334,9189.163333333334
16280,14792,13062.0,7008.170000000001
16290,12137,14911.666666666666,13989.093333333332
16300,14279,14462.666666666666,13938.323333333334
16310,13030,14892.666666666666,12209.13
16320,13709,14266.666666666666,15101.31
16330,13672,14113.0,11273.783333333335
16340,15052,12954.0,9278.380000000001
16350,9653,80145.33333333333,138145.89666666667
16360,13321,16440.0,38326.19
16370,12244,16776.666666666668,23245.706666666665
16380,12394,15000.333333333334,17797.969999999998
16390,14154,14483.333333333334,13565.216666666667
16400,13148,14957.333333333334,17561.566666666666
16410,13948,14128.666666666666,14341.926666666666
16420,14140,13558.0,9725.656666666668
16430,13788,14130.333333333334,9245.683333333332
16440,13513,14278.333333333334,15605.786666666667
16450,15050,12931.333333333334,7167.813333333333
16460,12914,15299.333333333334,16977.12
16470,13650,14109.0,11034.343333333332
16480,13402,14447.0,12443.796666666667
16490,13894,13862.333333333334,10195.406666666668
16500,11043,14245.0,15344.039999999999
16510,13375,19089.0,49002.536666666674
16520,13890,13804.0,11220.176666666666
16530,14263,14405.0,12893.596666666666
16540,13927,13875.333333333334,9144.996666666668
16550,13301,14648.333333333334,14617.74
16560,14724,13157.0,11651.506666666666
16570,13427,14578.333333333334,17396.543333333335
16580,13808,13941.333333333334,9374.33
16590,14112,13703.333333333334,10372.376666666667
16600,14475,13421.0,11325.716666666665
16610,12984,14938.333333333334,19321.063333333335
16620,13599,14213.666666666666,10965.563333333334
16630,14378,13420.333333333334,8204.456666666665
16640,14301,13577.333333333334,9352.416666666666
16650,15457,12561.333333333334,7598.436666666666
16660,13655,14433.333333333334,15195.51333333333
16670,15108,12762.666666666666,6849.290000000001
16680,15072,12742.0,6912.346666666667
16690,13710,14455.666666666666,13542.366666666667
16700,14434,13358.0,7171.403333333333
16710,12885,15112.333333333334,15302.23666666667
16720,15584,11722.0,6730.2300000000005
16730,14194,14514.333333333334,15448.063333333332
16740,13323,14471.0,9375.246666666668
16750,14733,13039.333333333334,9708.923333333334
16760,12976,15633.666666666666,16646.346666666668
16770,13391,15220.333333333334,18209.423333333336
16780,13695,14085.666666666666,8869.503333333332
16790,14419,13444.0,7444.533333333333
16800,14858,13023.333333333334,7110.37
16810,13215,15182.0,16318.433333333332
16820,12839,15796.0,17274.45
16830,14238,13618.666666666666,9210.423333333334
16840,13668,13820.333333333334,10498.213333333333
16850,13528,14719.0,12668.773333333333
16860,14536,13393.333333333334,10372.793333333333
16870,13429,13718.666666666666,10856.273333333333
16880,14409,14529.333333333334,23164.64333333333
16890,13728,13898.666666666666,10407.703333333333
16900,14032,13965.666666666666,10073.436666666668
16910,13758,13342.666666666666,9002.346666666666
16920,12689,16283.0,20287.14333333333
16930,14569,13384.0,10831.473333333333
16940,14174,13665.666666666666,8018.59
16950,15156,12714.0,6788.313333333333
16960,14730,13091.0,8050.986666666667
16970,14234,13202.0,7731.406666666667
16980,12161,16820.0,19352.136666666665
16990,13853,13842.333333333334,10326.316666666668
17000,12248,16052.333333333334,17888.626666666667
17010,14565,13266.666666666666,7206.509999999999
17020,14622,13261.333333333334,8536.293333333333
17030,14382,12851.333333333334,12511.276666666667
17040,14210,14445.0,14453.6
17050,13837,13852.666666666666,11028.976666666667
17060,14692,13282.333333333334,8524.933333333334
17070,11911,17229.666666666668,21756.806666666667
17080,14400,12999.0,7016.2300000000005
17090,14280,13961.0,13658.970000000001
17100,14238,13548.666666666666,8746.636666666667
17110,14886,12952.666666666666,6644.34
17120,14057,13751.333333333334,9629.38
17130,12687,15486.333333333334,19818.37
17140,12408,15697.666666666666,16393.97333333333
17150,13418,14413.0,10933.243333333334
17160,13990,13864.333333333334,9399.273333333333
17170,13815,13930.333333333334,8793.45
17180,14727,13204.0,9195.976666666667
17190,11839,16529.0,27944.61333333333
17200,13667,14093.333333333334,9966.84
17210,14365,13351.666666666666,9091.323333333334
17220,13912,13944.666666666666,11227.783333333335
17230,11407,18836.333333333332,40758.43666666667
17240,13475,14381.333333333334,14900.0
17250,14168,13654.333333333334,11703.396666666667
17260,14626,13096.0,8619.713333333335
17270,14750,13326.0,8717.903333333334
17280,14446,13411.666666666666,8660.75
17290,13449,14276.0,14153.716666666665
17300,13328,14544.0,11418.699999999999
17310,13188,14600.666666666666,11425.186666666666
17320,14250,13706.666666666666,9404.943333333333
17330,14631,13168.666666666666,7757.393333333333
17340,14041,13531.333333333334,8619.963333333333
17350,12343,15909.0,20607.833333333332
17360,14789,13128.333333333334,6921.266666666667
17370,14316,13508.333333333334,8432.97
17380,13434,14444.666666666666,13565.93
17390,11688,18442.333333333332,39787.183333333334
17400,14429,13384.666666666666,10483.1
17410,13454,14238.333333333334,15342.800000000001
17420,15071,12876.333333333334,8291.06
17430,14837,12905.666666666666,8357.58
17440,15052,12751.333333333334,7235.293333333334
17450,13408,14638.666666666666,14328.836666666664
17460,14677,13135.333333333334,7203.833333333333
17470,13073,14759.666666666666,11710.296666666667
17480,13312,15117.333333333334,19076.219999999998
17490,14363,13445.333333333334,8785.993333333334
17500,10721,15726.0,20166.086666666666
17510,9686,37491.0,96764.09999999999
17520,15009,12929.333333333334,9422.836666666668
17530,13526,14198.666666666666,11050.953333333333
17540,13283,12294.333333333334,7978.77
17550,13878,15974.0,32038.7
17560,12853,15076.333333333334,14709.703333333333
17570,15426,12689.666666666666,7976.079999999999
17580,15164,12699.0,7987.849999999999
17590,14197,13437.0,9260.51
17600,13943,13891.333333333334,10420.769999999999
17610,14523,13450.333333333334,8174.996666666666
17620,13710,14295.0,11486.11
17630,15680,12319.333333333334,6745.013333333333
17640,12913,15134.0,19663.766666666666
17650,14351,13593.333333333334,10120.08
17660,11366,14794.0,11561.183333333332
17670,10201,32669.0,91905.21999999999
17680,15178,12737.333333333334,8560.109999999999
17690,14483,13382.0,9308.573333333334
17700,16411,11922.666666666666,9459.506666666666
17710,15335,12804.333333333334,9447.753333333334
17720,14654,13270.666666666666,14623.403333333334
17730,16632,11811.333333333334,6823.850000000001
17740,16310,12169.666666666666,9187.263333333334
17750,16867,11581.0,7591.373333333334
17760,15750,13174.666666666666,10288.443333333335
17770,15728,12257.333333333334,8550.19
17780,16775,11899.0,7545.78
17790,15267,13641.666666666666,18174.77
17800,16056,12496.666666666666,10076.983333333332
17810,15131,12720.0,8469.736666666666
17820,12063,389404.3333333333,7328.223333333332
17830,15761,13828.333333333334,29395.91
17840,16739,12010.666666666666,7038.759999999999
17850,19336,10429.333333333334,8232.133333333333
17860,19825,10369.0,13517.093333333332
17870,20832,10167.333333333334,7684.4766666666665
17880,21361,10260.333333333334,15171.256666666668
17890,23867,9341.0,5867.543333333334
17900,24467,9142.0,7260.443333333334
17910,22774,10700.333333333334,10223.986666666666
17920,23850,9297.666666666666,6386.7699999999995
17930,21148,10107.0,10766.286666666667
17940,22486,9467.333333333334,6317.156666666667
17950,23680,9486.0,6865.849999999999
17960,24800,9277.333333333334,8060.14
17970,23114,9856.0,7391.490000000001
17980,22677,9480.0,7964.7699999999995
17990,23815,10071.0,10764.213333333333
18000,24933,9123.0,5151.12
