33368 32531 34101 
64315 67209 68476 
98637 98900 102463 
130028 133388 136584 
161138 167624 171238 
192827 201730 205443 
223403 236983 239614 
254124 272332 273544 
284429 307318 308253 
314802 342837 342361 
344931 378147 376922 
375750 413188 411062 
407017 448435 444548 
439086 483254 477660 
471323 518456 510221 
503341 553630 543029 
535460 588618 575922 
567389 623659 608952 
599197 658720 642083 
631744 693418 674838 
664281 727862 707857 
696909 762077 741014 
729303 796303 774394 
761389 830238 808373 
793640 864268 842092 
825491 898241 876268 
857355 932286 910359 
889328 966045 944627 
921514 999660 978826 
953490 1033524 1012986 
985927 1066912 1047161 
1018261 1100660 1081079 
1050814 1133623 1115563 
1083005 1167218 1149777 
1115241 1200880 1183879 
1147728 1234703 1217569 
1180250 1268227 1251523 
1212698 1302172 1285130 
1245343 1335975 1318682 
1277699 1369635 1352666 
1310639 1403283 1386078 
1343822 1436597 1419581 
1376817 1470429 1452754 
1409999 1503587 1486414 
1442910 1537051 1520039 
1475425 1570642 1553933 
1508201 1603909 1587890 
1541120 1637589 1621291 
1573730 1671422 1654848 
1606376 1705011 1688613 
1639131 1738892 1721977 
1671808 1772633 1755559 
1704183 1806741 1789076 
1736806 1840302 1822892 
1769281 1873840 1856879 
1801924 1907218 1890858 
1834753 1940552 1924695 
1867600 1974219 1958181 
1900562 2007600 1991838 
1933439 2040864 2025697 
1965950 2074281 2059769 
1998629 2107740 2093631 
2031752 2141497 2126751 
2064593 2175243 2160164 
2097460 2208934 2193606 
2130123 2242555 2227322 
2162704 2276372 2260924 
2195325 2309969 2294706 
2227677 2343864 2328459 
2260333 2377512 2362155 
2292636 2411272 2396092 
2325090 2444936 2429974 
2357734 2478778 2463488 
2390112 2512341 2497547 
2422665 2546017 2531318 
2454824 2580115 2565061 
2487496 2613758 2598746 
2520047 2647319 2632634 
2552468 2681289 2666243 
2585170 2714821 2700009 
2617717 2748448 2733835 
2650404 2782280 2767316 
2683101 2816053 2800846 
2715883 2849647 2834470 
2748821 2882964 2868215 
2781303 2916762 2901935 
2814121 2950126 2935753 
2847058 2983571 2969371 
2880021 3017018 3002961 
2912857 3050514 3036629 
2945761 3084155 3070084 
2978707 3117703 3103590 
3011787 3150997 3137216 
3044901 3184387 3170712 
3077973 3217712 3204315 
3111121 3251408 3237471 
3144288 3284709 3271003 
3177505 3318339 3304156 
3210822 3351441 3337737 
3243970 3384662 3371368 
3277226 3417758 3405016 
3310327 3450968 3438705 
3343481 3484042 3472477 
3376730 3517109 3506161 
3410141 3550093 3539766 
3443458 3583059 3573483 
3476889 3616105 3607006 
3510106 3649180 3640714 
3543554 3682371 3674075 
3576782 3715563 3707655 
3610259 3748582 3741159 
3643783 3781671 3774546 
3677315 3814610 3808075 
3710874 3847562 3841564 
3743949 3881013 3875038 
3777059 3914334 3908607 
3810640 3947260 3942100 
3844217 3980265 3975518 
3877700 4013676 4008624 
3911299 4047084 4041617 
3944970 4080242 4074788 
3978427 4113469 4108104 
4011891 4146821 4141288 
4045407 4179966 4174627 
4078855 4213118 4208027 
4112415 4246093 4241492 
4146055 4279258 4274687 
4179550 4312436 4308014 
4212977 4345519 4341504 
4246581 4378541 4374878 
4279810 4411901 4408289 
4313157 4445398 4441445 
4346846 4478213 4474941 
4380262 4511253 4508485 
4413558 4544355 4542087 
4446944 4577455 4575601 
4480555 4610624 4608821 
4513962 4643726 4642312 
4547294 4677023 4675683 
4580378 4710433 4709189 
4613759 4743717 4742524 
4646928 4777116 4775956 
4680069 4810599 4809332 
4713236 4844159 4842605 
4746211 4877728 4876061 
4779321 4911075 4909604 
4812591 4944461 4942948 
4845668 4977882 4976450 
4878504 5011422 5010074 
4912011 5044419 5043570 
4945478 5077782 5076740 
4978980 5111062 5109958 
5012192 5144404 5143404 
5045429 5177742 5176829 
5078603 5211163 5210234 
5112021 5244474 5243505 
5145375 5277880 5276745 
5178859 5311093 5310048 
5212300 5344378 5343322 
5245716 5377626 5376658 
5279031 5410974 5409995 
5312267 5444406 5443327 
5345652 5477982 5476366 
5379015 5511341 5509644 
5412570 5544531 5542899 
5445715 5577789 5576496 
5479244 5611005 5609751 
5512735 5644370 5642895 
5546310 5677872 5675818 
5579851 5711188 5708961 
5613235 5744529 5742236 
5646696 5777868 5775436 
5680197 5811090 5808713 
5713509 5844439 5842052 
5746846 5877741 5875413 
5780275 5911098 5908627 
5813481 5944418 5942101 
5846868 5977464 5975668 
5880347 6010666 6008987 
5913773 6043847 6042380 
5947286 6076933 6075781 
5980752 6110131 6109117 
6014069 6143542 6142389 
6047337 6176693 6175970 
6080717 6209979 6209304 
6114240 6243156 6242604 
6147391 6276695 6275914 
6180756 6309911 6309333 
6213885 6343265 6342850 
6247256 6376648 6376096 
6280752 6409834 6409414 
6313805 6443200 6442995 
6347412 6476342 6476246 
6381115 6509603 6509282 
6414627 6542810 6542563 
6447743 6576283 6575974 
6480859 6609853 6609288 
6514447 6643048 6642505 
6547801 6676503 6675696 
6581189 6709928 6708883 
6614640 6743274 6742086 
6647820 6776667 6775513 
6681005 6810242 6808753 
6714178 6843652 6842170 
6747676 6876687 6875637 
6780855 6910122 6909023 
6814090 6943697 6942213 
6847684 6976735 6975581 
6881049 7010259 7008692 
6914338 7043772 7041890 
6947651 7077108 7075241 
6980926 7110648 7108426 
7014521 7143740 7141739 
7047791 7177075 7175134 
7081096 7210320 7208584 
7114446 7243557 7241997 
7147961 7276736 7275303 
7181508 7309928 7308564 
7214522 7343402 7342076 
7248025 7376726 7375249 
7281299 7410256 7408445 
7314635 7443640 7441725 
7347964 7476975 7475061 
7381444 7510224 7508332 
7414779 7543648 7541573 
7448168 7576763 7575069 
7481523 7610085 7608392 
7514741 7643392 7641867 
7547998 7676805 7675197 
7581254 7710098 7708648 
7614746 7743450 7741804 
7647831 7777187 7774982 
7681459 7810506 7808035 
7714897 7843911 7841192 
7748324 7877294 7874382 
7781635 7910793 7907572 
7814818 7944333 7940849 
7848262 7977462 7974276 
7881592 8010515 8007893 
7914748 8043925 8041327 
7948033 8077069 8074898 
7981304 8110301 8108395 
8014679 8143474 8141847 
8048161 8176619 8175220 
8081474 8210082 8208444 
8114986 8243526 8241488 
8148366 8276545 8275089 
8182022 8309497 8308481 
8215463 8342377 8342160 
8248786 8375622 8375592 
8282253 8408847 8408900 
8315493 8442218 8442289 
8348643 8475556 8475801 
8382173 8508910 8508917 
8415482 8542337 8542181 
8448882 8575265 8575853 
8482286 8608450 8609264 
8515757 8641821 8642422 
8549088 8674926 8675986 
8582237 8708236 8709527 
8615371 8741364 8743265 
8648433 8774745 8776822 
8681730 8807927 8810343 
8714840 8841333 8843827 
8748084 8874764 8877152 
8781506 8907994 8910500 
8815043 8941064 8943893 
8848277 8974191 8977532 
8881480 9007430 9011090 
8914862 9040592 9044546 
8948413 9073877 9077710 
8981673 9106984 9111343 
9014916 9140284 9144800 
9048019 9173514 9178467 
9081176 9206714 9212110 
9114653 9239696 9245651 
9147785 9272892 9279323 
9181375 9305968 9312657 
9214530 9339110 9346360 
9247875 9372456 9379669 
9280933 9405777 9413290 
9314077 9438904 9447019 
9347479 9471991 9480530 
9380648 9505285 9514067 
9413864 9538524 9547612 
9447056 9571968 9580976 
9480172 9605352 9614476 
9513597 9638620 9647783 
9546611 9671928 9681461 
9579579 9705498 9714923 
9612699 9738797 9748504 
9645946 9772022 9782032 
9679318 9805369 9815313 
9712461 9838888 9848651 
9745824 9872074 9882102 
9778788 9905440 9915772 
9812129 9938579 9949292 
9845567 9971631 9982802 
9878681 10004969 10016350 
9912471 10038013 10049516 
9945709 10071348 10082943 
9978685 10104636 10116679 
10011919 10137849 10150232 
10045001 10171157 10183842 
10078170 10204461 10217369 
10111239 10237880 10250881 
10144181 10271362 10284457 
10177405 10304704 10317891 
10211005 10337715 10351280 
10244245 10371041 10384714 
10277515 10404217 10418268 
10310564 10437583 10451853 
10343842 10470814 10485344 
10376813 10504197 10518990 
10410239 10537411 10552350 
10443629 10570350 10586021 
10476970 10603420 10619610 
10510143 10636892 10652965 
10543373 10669945 10686682 
10576416 10703179 10720405 
10609690 10736404 10753906 
10642682 10769823 10787495 
10675900 10803290 10820810 
10709027 10836720 10854253 
10742225 10869962 10887813 
10775545 10903178 10921277 
10808655 10936508 10954837 
10842056 10969597 10988347 
10875143 11002924 11021933 
10908352 11036266 11055382 
10941543 11069685 11088772 
10974636 11103101 11122263 
11007770 11136440 11155790 
11041050 11169910 11189040 
11073947 11203313 11222740 
11107172 11236400 11256428 
11140493 11269598 11289909 
11173448 11302881 11323671 
11206346 11336240 11357414 
11239612 11369644 11390744 
11272744 11402890 11424366 
11306078 11435909 11458013 
11339239 11469240 11491521 
11372249 11502790 11524961 
11405367 11536115 11558518 
11438232 11569605 11592163 
11471472 11603035 11625493 
11504527 11636149 11659324 
11537784 11669330 11692886 
11570952 11702551 11726497 
11604180 11735417 11760403 
11637426 11768524 11794050 
11670680 11801803 11827517 
11703901 11835076 11861023 
11737012 11868469 11894519 
11770209 11901685 11928106 
11803225 11935084 11961691 
11836432 11967915 11995653 
11869331 12001400 12029269 
11902346 12034974 12062680 
11935368 12068340 12096292 
11968399 12101530 12130071 
12001229 12134859 12163912 
12034289 12167989 12197722 
12067600 12201030 12231370 
12100806 12234323 12264871 
12134122 12267521 12298357 
12167279 12300671 12332050 
12200463 12333960 12365577 
12233756 12367219 12399025 
12267103 12400359 12432538 
12300398 12433560 12466042 
12333546 12466969 12499485 
12367021 12500079 12532900 
12400320 12533369 12566311 
12433576 12566575 12599849 
12466760 12599934 12633306 
12499794 12633327 12666879 
12533021 12666785 12700194 
12565921 12700278 12733801 
12599055 12733400 12767545 
12632325 12766673 12801002 
12665458 12799868 12834674 
12698742 12833165 12868093 
12731789 12866630 12901581 
12765048 12899826 12935126 
12798243 12933041 12968716 
12831212 12966512 13002276 
12864405 12999499 13036096 
12897230 13032818 13069952 
12930354 13066107 13103539 
12963378 13099349 13137273 
12996566 13132700 13170734 
13029456 13166174 13204370 
13062334 13199449 13238217 
13095346 13232786 13271868 
13128514 13266156 13305330 
13161621 13299547 13338832 
13194553 13332896 13372551 
13227745 13366359 13405896 
13260767 13399721 13439512 
13293829 13432900 13473271 
13326825 13466150 13507025 
13359723 13499552 13540725 
13392880 13532623 13574497 
13426142 13565926 13607932 
13459244 13599333 13641423 
13492116 13632668 13675216 
13525158 13665915 13708927 
13558166 13699238 13742596 
13591249 13732223 13776528 
13624251 13765845 13809904 
13657405 13798985 13843610 
13690698 13832271 13877031 
13723750 13865353 13910897 
13756686 13898751 13944563 
13790008 13931935 13978057 
13822973 13965270 14011757 
13856037 13998613 14045350 
13889356 14031850 14078794 
13922527 14065191 14112282 
13955685 14098519 14145796 
13988753 14131717 14179530 
14022048 14165095 14212857 
14055256 14198476 14246268 
14088337 14231815 14279848 
14121637 14264865 14313498 
14154850 14298145 14347005 
14187872 14331477 14380651 
14221110 14364678 14414212 
14254339 14398240 14447421 
14287273 14431691 14481036 
14320210 14465263 14514527 
14353505 14498531 14547964 
14386757 14531556 14581687 
14419979 14564906 14615115 
14453262 14598030 14648708 
14486355 14631274 14682371 
14519614 14664742 14715644 
14552942 14698049 14749009 
14586273 14731406 14782321 
14619362 14764801 14815837 
14652468 14798154 14849378 
14685762 14831303 14882935 
14719049 14864555 14916396 
14752108 14898012 14949880 
14785087 14931402 14983511 
14818264 14964580 15017156 
14851510 14997784 15050706 
14884670 15031415 15083915 
14917607 15064789 15117604 
14950745 15097963 15151292 
14983953 15131216 15184831 
15016908 15165071 15218021 
15050145 15198166 15251689 
15083217 15231516 15285267 
15116516 15264744 15318740 
15149516 15298214 15352270 
15182706 15331767 15385527 
15215799 15365414 15418787 
15249075 15398689 15452236 
15282282 15431867 15485851 
15315650 15464893 15519457 
15348781 15498240 15552979 
15382182 15531298 15586520 
15415265 15564515 15620220 
15448475 15597760 15653765 
15482047 15631091 15686862 
15515302 15664568 15720130 
15548515 15697748 15753737 
15581452 15731124 15787424 
15614870 15764462 15820668 
15648159 15797532 15854309 
15681550 15830644 15887806 
15715095 15863653 15921252 
15748315 15896815 15954870 
15781358 15930370 15988272 
15814546 15963493 16021961 
15848016 15996666 16055318 
15881265 16030193 16088542 
15914497 16063484 16122019 
15948004 16096784 16155212 
15981181 16129769 16189050 
16014264 16163157 16222579 
16047621 16196116 16256263 
16080701 16229362 16289937 
16114262 16262482 16323256 
16147295 16295925 16356780 
16180428 16329083 16390489 
16213620 16362385 16423995 
16246583 16395746 16457671 
16279864 16428847 16491289 
16313073 16462122 16524805 
16346136 16495381 16558483 
16379460 16528555 16591985 
16412642 16561949 16625409 
